{"/s/bach/e/under/kpashak/IdeaProjects/t17/client/src/entry.jsx": {"path":"/s/bach/e/under/kpashak/IdeaProjects/t17/client/src/entry.jsx","statementMap":{"0":{"start":{"line":1,"column":0},"end":{"line":null,"column":-1}},"1":{"start":{"line":2,"column":0},"end":{"line":null,"column":-1}},"2":{"start":{"line":3,"column":0},"end":{"line":null,"column":-1}},"3":{"start":{"line":14,"column":0},"end":{"line":null,"column":-1}}},"fnMap":{},"branchMap":{},"s":{"0":0,"1":0,"2":0,"3":0},"f":{},"b":{}}
,"/s/bach/e/under/kpashak/IdeaProjects/t17/client/src/api/restfulAPI.js": {"path":"/s/bach/e/under/kpashak/IdeaProjects/t17/client/src/api/restfulAPI.js","statementMap":{"0":{"start":{"line":7,"column":21},"end":{"line":7,"column":55}},"1":{"start":{"line":8,"column":25},"end":{"line":9,"column":18}},"2":{"start":{"line":10,"column":2},"end":{"line":10,"column":55}},"3":{"start":{"line":16,"column":21},"end":{"line":16,"column":55}},"4":{"start":{"line":17,"column":25},"end":{"line":19,"column":38}},"5":{"start":{"line":20,"column":2},"end":{"line":20,"column":55}},"6":{"start":{"line":25,"column":2},"end":{"line":36,"column":3}},"7":{"start":{"line":26,"column":19},"end":{"line":26,"column":58}},"8":{"start":{"line":27,"column":4},"end":{"line":31,"column":6}},"9":{"start":{"line":34,"column":4},"end":{"line":34,"column":23}},"10":{"start":{"line":35,"column":4},"end":{"line":35,"column":71}},"11":{"start":{"line":41,"column":25},"end":{"line":41,"column":42}},"12":{"start":{"line":42,"column":21},"end":{"line":42,"column":38}},"13":{"start":{"line":43,"column":21},"end":{"line":43,"column":34}},"14":{"start":{"line":44,"column":24},"end":{"line":44,"column":39}},"15":{"start":{"line":45,"column":2},"end":{"line":45,"column":95}}},"fnMap":{"0":{"name":"sendServerRequest","decl":{"start":{"line":5,"column":16},"end":{"line":5,"column":33}},"loc":{"start":{"line":6,"column":53},"end":{"line":11,"column":1}},"line":6},"1":{"name":"sendServerRequestWithBody","decl":{"start":{"line":14,"column":16},"end":{"line":14,"column":41}},"loc":{"start":{"line":15,"column":66},"end":{"line":21,"column":1}},"line":15},"2":{"name":"processRestfulAPI","decl":{"start":{"line":24,"column":15},"end":{"line":24,"column":32}},"loc":{"start":{"line":24,"column":61},"end":{"line":37,"column":1}},"line":24},"3":{"name":"getOriginalServerPort","decl":{"start":{"line":40,"column":16},"end":{"line":40,"column":37}},"loc":{"start":{"line":40,"column":40},"end":{"line":46,"column":1}},"line":40}},"branchMap":{"0":{"loc":{"start":{"line":6,"column":17},"end":{"line":6,"column":51}},"type":"default-arg","locations":[{"start":{"line":6,"column":28},"end":{"line":6,"column":51}}],"line":6},"1":{"loc":{"start":{"line":15,"column":30},"end":{"line":15,"column":64}},"type":"default-arg","locations":[{"start":{"line":15,"column":41},"end":{"line":15,"column":64}}],"line":15},"2":{"loc":{"start":{"line":45,"column":48},"end":{"line":45,"column":91}},"type":"cond-expr","locations":[{"start":{"line":45,"column":65},"end":{"line":45,"column":75}},{"start":{"line":45,"column":78},"end":{"line":45,"column":91}}],"line":45}},"s":{"0":4,"1":4,"2":4,"3":0,"4":0,"5":0,"6":4,"7":4,"8":4,"9":0,"10":0,"11":3,"12":3,"13":3,"14":3,"15":3},"f":{"0":4,"1":0,"2":4,"3":3},"b":{"0":[0],"1":[0],"2":[3,0]},"_coverageSchema":"332fd63041d2c1bcb487cc26dd0d5f7d97098a6c","hash":"1275fe964104effebd0a52f58593199dee548120"}
,"/s/bach/e/under/kpashak/IdeaProjects/t17/client/src/components/App.js": {"path":"/s/bach/e/under/kpashak/IdeaProjects/t17/client/src/components/App.js","statementMap":{"0":{"start":{"line":1,"column":0},"end":{"line":null,"column":-1}},"1":{"start":{"line":3,"column":0},"end":{"line":null,"column":-1}},"2":{"start":{"line":4,"column":0},"end":{"line":null,"column":-1}},"3":{"start":{"line":5,"column":0},"end":{"line":null,"column":-1}},"4":{"start":{"line":6,"column":0},"end":{"line":null,"column":-1}},"5":{"start":{"line":7,"column":0},"end":{"line":null,"column":-1}},"6":{"start":{"line":8,"column":0},"end":{"line":null,"column":-1}},"7":{"start":{"line":11,"column":21},"end":{"line":null,"column":-1}},"8":{"start":{"line":13,"column":4},"end":{"line":null,"column":-1}},"9":{"start":{"line":22,"column":4},"end":{"line":null,"column":-1}},"10":{"start":{"line":26,"column":4},"end":{"line":null,"column":-1}},"11":{"start":{"line":31,"column":4},"end":{"line":null,"column":-1}},"12":{"start":{"line":43,"column":4},"end":{"line":null,"column":-1}}},"fnMap":{"0":{"name":"App","decl":{"start":{"line":11,"column":2},"end":{"line":11,"column":14}},"loc":{"start":{"line":11,"column":21},"end":{"line":27,"column":3}}}},"branchMap":{"0":{"loc":{"start":{"line":11,"column":21},"end":{"line":12,"column":9}},"type":"binary-expr","locations":[{"start":{"line":11,"column":21},"end":{"line":12,"column":9}},{"start":{"line":11,"column":21},"end":{"line":12,"column":9}}]}},"s":{"0":0,"1":0,"2":0,"3":0,"4":0,"5":0,"6":0,"7":0,"8":0,"9":0,"10":0,"11":0,"12":0},"f":{"0":0},"b":{"0":[0,0]}}
,"/s/bach/e/under/kpashak/IdeaProjects/t17/client/src/components/Application/Application.js": {"path":"/s/bach/e/under/kpashak/IdeaProjects/t17/client/src/components/Application/Application.js","statementMap":{"0":{"start":{"line":19,"column":4},"end":{"line":19,"column":17}},"1":{"start":{"line":21,"column":4},"end":{"line":21,"column":61}},"2":{"start":{"line":22,"column":4},"end":{"line":22,"column":67}},"3":{"start":{"line":23,"column":4},"end":{"line":23,"column":71}},"4":{"start":{"line":24,"column":4},"end":{"line":24,"column":45}},"5":{"start":{"line":25,"column":4},"end":{"line":25,"column":51}},"6":{"start":{"line":26,"column":4},"end":{"line":26,"column":57}},"7":{"start":{"line":27,"column":4},"end":{"line":27,"column":59}},"8":{"start":{"line":28,"column":4},"end":{"line":28,"column":57}},"9":{"start":{"line":29,"column":4},"end":{"line":29,"column":61}},"10":{"start":{"line":30,"column":4},"end":{"line":30,"column":71}},"11":{"start":{"line":31,"column":4},"end":{"line":31,"column":73}},"12":{"start":{"line":32,"column":4},"end":{"line":32,"column":71}},"13":{"start":{"line":33,"column":4},"end":{"line":33,"column":53}},"14":{"start":{"line":34,"column":4},"end":{"line":34,"column":59}},"15":{"start":{"line":35,"column":4},"end":{"line":35,"column":61}},"16":{"start":{"line":36,"column":4},"end":{"line":36,"column":59}},"17":{"start":{"line":37,"column":4},"end":{"line":37,"column":53}},"18":{"start":{"line":41,"column":4},"end":{"line":67,"column":6}},"19":{"start":{"line":69,"column":4},"end":{"line":69,"column":30}},"20":{"start":{"line":73,"column":23},"end":{"line":73,"column":77}},"21":{"start":{"line":75,"column":4},"end":{"line":79,"column":6}},"22":{"start":{"line":83,"column":4},"end":{"line":89,"column":5}},"23":{"start":{"line":84,"column":6},"end":{"line":84,"column":84}},"24":{"start":{"line":86,"column":24},"end":{"line":86,"column":65}},"25":{"start":{"line":87,"column":6},"end":{"line":87,"column":33}},"26":{"start":{"line":88,"column":6},"end":{"line":88,"column":51}},"27":{"start":{"line":93,"column":22},"end":{"line":93,"column":63}},"28":{"start":{"line":94,"column":4},"end":{"line":94,"column":32}},"29":{"start":{"line":95,"column":4},"end":{"line":95,"column":48}},"30":{"start":{"line":99,"column":4},"end":{"line":102,"column":7}},"31":{"start":{"line":100,"column":6},"end":{"line":100,"column":26}},"32":{"start":{"line":101,"column":6},"end":{"line":101,"column":41}},"33":{"start":{"line":106,"column":4},"end":{"line":110,"column":6}},"34":{"start":{"line":114,"column":4},"end":{"line":120,"column":5}},"35":{"start":{"line":115,"column":17},"end":{"line":115,"column":58}},"36":{"start":{"line":116,"column":6},"end":{"line":116,"column":74}},"37":{"start":{"line":117,"column":6},"end":{"line":117,"column":59}},"38":{"start":{"line":118,"column":6},"end":{"line":118,"column":42}},"39":{"start":{"line":119,"column":6},"end":{"line":119,"column":44}},"40":{"start":{"line":125,"column":4},"end":{"line":182,"column":5}},"41":{"start":{"line":127,"column":8},"end":{"line":132,"column":63}},"42":{"start":{"line":134,"column":8},"end":{"line":141,"column":57}},"43":{"start":{"line":143,"column":8},"end":{"line":145,"column":68}},"44":{"start":{"line":147,"column":8},"end":{"line":148,"column":11}},"45":{"start":{"line":150,"column":8},"end":{"line":179,"column":11}},"46":{"start":{"line":181,"column":8},"end":{"line":181,"column":23}},"47":{"start":{"line":186,"column":4},"end":{"line":193,"column":5}},"48":{"start":{"line":187,"column":22},"end":{"line":187,"column":24}},"49":{"start":{"line":188,"column":6},"end":{"line":188,"column":52}},"50":{"start":{"line":189,"column":6},"end":{"line":191,"column":7}},"51":{"start":{"line":190,"column":8},"end":{"line":190,"column":54}},"52":{"start":{"line":192,"column":6},"end":{"line":192,"column":52}},"53":{"start":{"line":197,"column":4},"end":{"line":197,"column":48}},"54":{"start":{"line":200,"column":4},"end":{"line":200,"column":49}},"55":{"start":{"line":205,"column":24},"end":{"line":208,"column":60}},"56":{"start":{"line":210,"column":8},"end":{"line":210,"column":52}},"57":{"start":{"line":214,"column":8},"end":{"line":214,"column":52}},"58":{"start":{"line":218,"column":8},"end":{"line":218,"column":44}},"59":{"start":{"line":222,"column":8},"end":{"line":222,"column":48}},"60":{"start":{"line":227,"column":4},"end":{"line":243,"column":5}},"61":{"start":{"line":228,"column":6},"end":{"line":228,"column":80}},"62":{"start":{"line":229,"column":6},"end":{"line":232,"column":9}},"63":{"start":{"line":235,"column":6},"end":{"line":242,"column":9}},"64":{"start":{"line":247,"column":4},"end":{"line":247,"column":39}},"65":{"start":{"line":251,"column":20},"end":{"line":254,"column":59}},"66":{"start":{"line":256,"column":4},"end":{"line":256,"column":48}},"67":{"start":{"line":260,"column":4},"end":{"line":260,"column":97}},"68":{"start":{"line":261,"column":4},"end":{"line":261,"column":65}},"69":{"start":{"line":265,"column":4},"end":{"line":265,"column":51}},"70":{"start":{"line":268,"column":14},"end":{"line":268,"column":45}},"71":{"start":{"line":269,"column":4},"end":{"line":269,"column":49}},"72":{"start":{"line":270,"column":4},"end":{"line":270,"column":57}},"73":{"start":{"line":271,"column":4},"end":{"line":271,"column":55}},"74":{"start":{"line":274,"column":16},"end":{"line":274,"column":69}},"75":{"start":{"line":275,"column":26},"end":{"line":275,"column":52}},"76":{"start":{"line":278,"column":4},"end":{"line":283,"column":5}},"77":{"start":{"line":279,"column":6},"end":{"line":279,"column":29}},"78":{"start":{"line":279,"column":22},"end":{"line":279,"column":29}},"79":{"start":{"line":280,"column":6},"end":{"line":280,"column":51}},"80":{"start":{"line":281,"column":6},"end":{"line":281,"column":58}},"81":{"start":{"line":282,"column":6},"end":{"line":282,"column":36}},"82":{"start":{"line":284,"column":4},"end":{"line":289,"column":5}},"83":{"start":{"line":285,"column":6},"end":{"line":285,"column":65}},"84":{"start":{"line":285,"column":58},"end":{"line":285,"column":65}},"85":{"start":{"line":286,"column":6},"end":{"line":286,"column":51}},"86":{"start":{"line":287,"column":6},"end":{"line":287,"column":58}},"87":{"start":{"line":288,"column":6},"end":{"line":288,"column":36}},"88":{"start":{"line":290,"column":4},"end":{"line":294,"column":5}},"89":{"start":{"line":291,"column":6},"end":{"line":291,"column":47}},"90":{"start":{"line":292,"column":6},"end":{"line":292,"column":50}},"91":{"start":{"line":293,"column":6},"end":{"line":293,"column":32}},"92":{"start":{"line":295,"column":4},"end":{"line":295,"column":54}}},"fnMap":{"0":{"name":"(anonymous_0)","decl":{"start":{"line":18,"column":2},"end":{"line":18,"column":3}},"loc":{"start":{"line":18,"column":21},"end":{"line":70,"column":3}},"line":18},"1":{"name":"(anonymous_1)","decl":{"start":{"line":72,"column":2},"end":{"line":72,"column":3}},"loc":{"start":{"line":72,"column":11},"end":{"line":80,"column":3}},"line":72},"2":{"name":"(anonymous_2)","decl":{"start":{"line":82,"column":2},"end":{"line":82,"column":3}},"loc":{"start":{"line":82,"column":36},"end":{"line":90,"column":3}},"line":82},"3":{"name":"(anonymous_3)","decl":{"start":{"line":92,"column":2},"end":{"line":92,"column":3}},"loc":{"start":{"line":92,"column":34},"end":{"line":96,"column":3}},"line":92},"4":{"name":"(anonymous_4)","decl":{"start":{"line":98,"column":2},"end":{"line":98,"column":3}},"loc":{"start":{"line":98,"column":23},"end":{"line":103,"column":3}},"line":98},"5":{"name":"(anonymous_5)","decl":{"start":{"line":99,"column":75},"end":{"line":99,"column":76}},"loc":{"start":{"line":99,"column":85},"end":{"line":102,"column":5}},"line":99},"6":{"name":"(anonymous_6)","decl":{"start":{"line":105,"column":2},"end":{"line":105,"column":3}},"loc":{"start":{"line":105,"column":53},"end":{"line":111,"column":3}},"line":105},"7":{"name":"(anonymous_7)","decl":{"start":{"line":113,"column":2},"end":{"line":113,"column":3}},"loc":{"start":{"line":113,"column":21},"end":{"line":121,"column":3}},"line":113},"8":{"name":"(anonymous_8)","decl":{"start":{"line":124,"column":2},"end":{"line":124,"column":3}},"loc":{"start":{"line":124,"column":38},"end":{"line":183,"column":3}},"line":124},"9":{"name":"(anonymous_9)","decl":{"start":{"line":185,"column":2},"end":{"line":185,"column":3}},"loc":{"start":{"line":185,"column":26},"end":{"line":194,"column":3}},"line":185},"10":{"name":"(anonymous_10)","decl":{"start":{"line":196,"column":2},"end":{"line":196,"column":3}},"loc":{"start":{"line":196,"column":25},"end":{"line":198,"column":3}},"line":196},"11":{"name":"(anonymous_11)","decl":{"start":{"line":199,"column":2},"end":{"line":199,"column":3}},"loc":{"start":{"line":199,"column":26},"end":{"line":201,"column":3}},"line":199},"12":{"name":"(anonymous_12)","decl":{"start":{"line":204,"column":4},"end":{"line":204,"column":5}},"loc":{"start":{"line":204,"column":42},"end":{"line":211,"column":5}},"line":204},"13":{"name":"(anonymous_13)","decl":{"start":{"line":213,"column":4},"end":{"line":213,"column":5}},"loc":{"start":{"line":213,"column":27},"end":{"line":215,"column":5}},"line":213},"14":{"name":"(anonymous_14)","decl":{"start":{"line":217,"column":4},"end":{"line":217,"column":5}},"loc":{"start":{"line":217,"column":26},"end":{"line":219,"column":5}},"line":217},"15":{"name":"(anonymous_15)","decl":{"start":{"line":221,"column":4},"end":{"line":221,"column":5}},"loc":{"start":{"line":221,"column":23},"end":{"line":223,"column":5}},"line":221},"16":{"name":"(anonymous_16)","decl":{"start":{"line":226,"column":4},"end":{"line":226,"column":5}},"loc":{"start":{"line":226,"column":34},"end":{"line":244,"column":3}},"line":226},"17":{"name":"(anonymous_17)","decl":{"start":{"line":246,"column":2},"end":{"line":246,"column":3}},"loc":{"start":{"line":246,"column":28},"end":{"line":248,"column":3}},"line":246},"18":{"name":"(anonymous_18)","decl":{"start":{"line":249,"column":2},"end":{"line":249,"column":3}},"loc":{"start":{"line":249,"column":15},"end":{"line":258,"column":3}},"line":249},"19":{"name":"(anonymous_19)","decl":{"start":{"line":259,"column":2},"end":{"line":259,"column":3}},"loc":{"start":{"line":259,"column":35},"end":{"line":263,"column":3}},"line":259},"20":{"name":"(anonymous_20)","decl":{"start":{"line":264,"column":2},"end":{"line":264,"column":3}},"loc":{"start":{"line":264,"column":28},"end":{"line":266,"column":3}},"line":264},"21":{"name":"(anonymous_21)","decl":{"start":{"line":267,"column":2},"end":{"line":267,"column":3}},"loc":{"start":{"line":267,"column":23},"end":{"line":272,"column":3}},"line":267},"22":{"name":"(anonymous_22)","decl":{"start":{"line":273,"column":2},"end":{"line":273,"column":3}},"loc":{"start":{"line":273,"column":44},"end":{"line":296,"column":3}},"line":273}},"branchMap":{"0":{"loc":{"start":{"line":73,"column":23},"end":{"line":73,"column":77}},"type":"cond-expr","locations":[{"start":{"line":73,"column":49},"end":{"line":73,"column":64}},{"start":{"line":73,"column":67},"end":{"line":73,"column":77}}],"line":73},"1":{"loc":{"start":{"line":83,"column":4},"end":{"line":89,"column":5}},"type":"if","locations":[{"start":{"line":83,"column":4},"end":{"line":89,"column":5}},{"start":{"line":83,"column":4},"end":{"line":89,"column":5}}],"line":83},"2":{"loc":{"start":{"line":114,"column":4},"end":{"line":120,"column":5}},"type":"if","locations":[{"start":{"line":114,"column":4},"end":{"line":120,"column":5}},{"start":{"line":114,"column":4},"end":{"line":120,"column":5}}],"line":114},"3":{"loc":{"start":{"line":114,"column":8},"end":{"line":114,"column":78}},"type":"binary-expr","locations":[{"start":{"line":114,"column":8},"end":{"line":114,"column":40}},{"start":{"line":114,"column":44},"end":{"line":114,"column":78}}],"line":114},"4":{"loc":{"start":{"line":125,"column":4},"end":{"line":182,"column":5}},"type":"switch","locations":[{"start":{"line":126,"column":6},"end":{"line":132,"column":63}},{"start":{"line":133,"column":6},"end":{"line":141,"column":57}},{"start":{"line":142,"column":6},"end":{"line":145,"column":68}},{"start":{"line":146,"column":6},"end":{"line":148,"column":11}},{"start":{"line":149,"column":6},"end":{"line":179,"column":11}},{"start":{"line":180,"column":6},"end":{"line":181,"column":23}}],"line":125},"5":{"loc":{"start":{"line":186,"column":4},"end":{"line":193,"column":5}},"type":"if","locations":[{"start":{"line":186,"column":4},"end":{"line":193,"column":5}},{"start":{"line":186,"column":4},"end":{"line":193,"column":5}}],"line":186},"6":{"loc":{"start":{"line":227,"column":4},"end":{"line":243,"column":5}},"type":"if","locations":[{"start":{"line":227,"column":4},"end":{"line":243,"column":5}},{"start":{"line":227,"column":4},"end":{"line":243,"column":5}}],"line":227},"7":{"loc":{"start":{"line":227,"column":7},"end":{"line":227,"column":59}},"type":"binary-expr","locations":[{"start":{"line":227,"column":7},"end":{"line":227,"column":31}},{"start":{"line":227,"column":35},"end":{"line":227,"column":59}}],"line":227},"8":{"loc":{"start":{"line":278,"column":4},"end":{"line":283,"column":5}},"type":"if","locations":[{"start":{"line":278,"column":4},"end":{"line":283,"column":5}},{"start":{"line":278,"column":4},"end":{"line":283,"column":5}}],"line":278},"9":{"loc":{"start":{"line":279,"column":6},"end":{"line":279,"column":29}},"type":"if","locations":[{"start":{"line":279,"column":6},"end":{"line":279,"column":29}},{"start":{"line":279,"column":6},"end":{"line":279,"column":29}}],"line":279},"10":{"loc":{"start":{"line":284,"column":4},"end":{"line":289,"column":5}},"type":"if","locations":[{"start":{"line":284,"column":4},"end":{"line":289,"column":5}},{"start":{"line":284,"column":4},"end":{"line":289,"column":5}}],"line":284},"11":{"loc":{"start":{"line":285,"column":6},"end":{"line":285,"column":65}},"type":"if","locations":[{"start":{"line":285,"column":6},"end":{"line":285,"column":65}},{"start":{"line":285,"column":6},"end":{"line":285,"column":65}}],"line":285},"12":{"loc":{"start":{"line":290,"column":4},"end":{"line":294,"column":5}},"type":"if","locations":[{"start":{"line":290,"column":4},"end":{"line":294,"column":5}},{"start":{"line":290,"column":4},"end":{"line":294,"column":5}}],"line":290}},"s":{"0":3,"1":3,"2":3,"3":3,"4":3,"5":3,"6":3,"7":3,"8":3,"9":3,"10":3,"11":3,"12":3,"13":3,"14":3,"15":3,"16":3,"17":3,"18":3,"19":3,"20":8,"21":8,"22":1,"23":1,"24":0,"25":0,"26":0,"27":1,"28":1,"29":1,"30":4,"31":4,"32":4,"33":0,"34":0,"35":0,"36":0,"37":0,"38":0,"39":0,"40":8,"41":0,"42":0,"43":5,"44":0,"45":0,"46":3,"47":0,"48":0,"49":0,"50":0,"51":0,"52":0,"53":0,"54":0,"55":0,"56":0,"57":0,"58":0,"59":0,"60":4,"61":4,"62":4,"63":0,"64":0,"65":0,"66":0,"67":0,"68":0,"69":0,"70":0,"71":0,"72":0,"73":0,"74":0,"75":0,"76":0,"77":0,"78":0,"79":0,"80":0,"81":0,"82":0,"83":0,"84":0,"85":0,"86":0,"87":0,"88":0,"89":0,"90":0,"91":0,"92":0},"f":{"0":3,"1":8,"2":1,"3":1,"4":4,"5":4,"6":0,"7":0,"8":8,"9":0,"10":0,"11":0,"12":0,"13":0,"14":0,"15":0,"16":4,"17":0,"18":0,"19":0,"20":0,"21":0,"22":0},"b":{"0":[3,5],"1":[1,0],"2":[0,0],"3":[0,0],"4":[0,0,5,0,0,3],"5":[0,0],"6":[4,0],"7":[4,4],"8":[0,0],"9":[0,0],"10":[0,0],"11":[0,0],"12":[0,0]},"_coverageSchema":"332fd63041d2c1bcb487cc26dd0d5f7d97098a6c","hash":"ab8363abcfd8c58e798df0839dadb8b96562b8e0"}
,"/s/bach/e/under/kpashak/IdeaProjects/t17/client/src/components/Application/ErrorBanner.js": {"path":"/s/bach/e/under/kpashak/IdeaProjects/t17/client/src/components/Application/ErrorBanner.js","statementMap":{"0":{"start":{"line":11,"column":4},"end":{"line":16,"column":6}}},"fnMap":{"0":{"name":"(anonymous_0)","decl":{"start":{"line":10,"column":2},"end":{"line":10,"column":3}},"loc":{"start":{"line":10,"column":11},"end":{"line":17,"column":3}},"line":10}},"branchMap":{},"s":{"0":0},"f":{"0":0},"b":{},"_coverageSchema":"332fd63041d2c1bcb487cc26dd0d5f7d97098a6c","hash":"9c8b657ec9c74ab2c85a2e1cc93a1bfd3965e4ca"}
,"/s/bach/e/under/kpashak/IdeaProjects/t17/client/src/components/Application/Home.js": {"path":"/s/bach/e/under/kpashak/IdeaProjects/t17/client/src/components/Application/Home.js","statementMap":{"0":{"start":{"line":17,"column":4},"end":{"line":28,"column":6}},"1":{"start":{"line":32,"column":4},"end":{"line":35,"column":6}},"2":{"start":{"line":42,"column":4},"end":{"line":53,"column":5}},"3":{"start":{"line":57,"column":4},"end":{"line":60,"column":6}},"4":{"start":{"line":65,"column":4},"end":{"line":65,"column":66}},"5":{"start":{"line":69,"column":4},"end":{"line":69,"column":44}},"6":{"start":{"line":72,"column":4},"end":{"line":72,"column":77}},"7":{"start":{"line":78,"column":4},"end":{"line":82,"column":6}},"8":{"start":{"line":86,"column":0},"end":{"line":86,"column":65}}},"fnMap":{"0":{"name":"(anonymous_0)","decl":{"start":{"line":16,"column":2},"end":{"line":16,"column":3}},"loc":{"start":{"line":16,"column":11},"end":{"line":29,"column":1}},"line":16},"1":{"name":"(anonymous_1)","decl":{"start":{"line":31,"column":2},"end":{"line":31,"column":3}},"loc":{"start":{"line":31,"column":33},"end":{"line":36,"column":3}},"line":31},"2":{"name":"(anonymous_2)","decl":{"start":{"line":38,"column":2},"end":{"line":38,"column":3}},"loc":{"start":{"line":38,"column":40},"end":{"line":54,"column":3}},"line":38},"3":{"name":"(anonymous_3)","decl":{"start":{"line":56,"column":2},"end":{"line":56,"column":3}},"loc":{"start":{"line":56,"column":16},"end":{"line":61,"column":3}},"line":56},"4":{"name":"(anonymous_4)","decl":{"start":{"line":63,"column":2},"end":{"line":63,"column":3}},"loc":{"start":{"line":63,"column":33},"end":{"line":66,"column":3}},"line":63},"5":{"name":"(anonymous_5)","decl":{"start":{"line":68,"column":2},"end":{"line":68,"column":3}},"loc":{"start":{"line":68,"column":33},"end":{"line":70,"column":3}},"line":68},"6":{"name":"(anonymous_6)","decl":{"start":{"line":71,"column":2},"end":{"line":71,"column":3}},"loc":{"start":{"line":71,"column":23},"end":{"line":73,"column":3}},"line":71},"7":{"name":"(anonymous_7)","decl":{"start":{"line":75,"column":2},"end":{"line":75,"column":3}},"loc":{"start":{"line":75,"column":15},"end":{"line":83,"column":3}},"line":75}},"branchMap":{"0":{"loc":{"start":{"line":21,"column":17},"end":{"line":21,"column":161}},"type":"cond-expr","locations":[{"start":{"line":21,"column":113},"end":{"line":21,"column":133}},{"start":{"line":21,"column":139},"end":{"line":21,"column":160}}],"line":21},"1":{"loc":{"start":{"line":21,"column":18},"end":{"line":21,"column":107}},"type":"binary-expr","locations":[{"start":{"line":21,"column":18},"end":{"line":21,"column":51}},{"start":{"line":21,"column":55},"end":{"line":21,"column":86}},{"start":{"line":21,"column":90},"end":{"line":21,"column":107}}],"line":21},"2":{"loc":{"start":{"line":43,"column":20},"end":{"line":43,"column":107}},"type":"cond-expr","locations":[{"start":{"line":43,"column":43},"end":{"line":43,"column":69}},{"start":{"line":43,"column":72},"end":{"line":43,"column":107}}],"line":43},"3":{"loc":{"start":{"line":48,"column":26},"end":{"line":48,"column":113}},"type":"cond-expr","locations":[{"start":{"line":48,"column":49},"end":{"line":48,"column":75}},{"start":{"line":48,"column":78},"end":{"line":48,"column":113}}],"line":48}},"s":{"0":1,"1":1,"2":1,"3":1,"4":0,"5":2,"6":0,"7":1,"8":2},"f":{"0":1,"1":1,"2":1,"3":1,"4":0,"5":2,"6":0,"7":1},"b":{"0":[0,1],"1":[1,0,0],"2":[0,1],"3":[0,1]},"_coverageSchema":"332fd63041d2c1bcb487cc26dd0d5f7d97098a6c","hash":"ec181d8b53086b03d62859f889ad8a03e8b37c59"}
,"/s/bach/e/under/kpashak/IdeaProjects/t17/client/src/components/Application/Pane.js": {"path":"/s/bach/e/under/kpashak/IdeaProjects/t17/client/src/components/Application/Pane.js","statementMap":{"0":{"start":{"line":9,"column":8},"end":{"line":9,"column":21}},"1":{"start":{"line":13,"column":8},"end":{"line":22,"column":10}}},"fnMap":{"0":{"name":"(anonymous_0)","decl":{"start":{"line":8,"column":4},"end":{"line":8,"column":5}},"loc":{"start":{"line":8,"column":23},"end":{"line":10,"column":5}},"line":8},"1":{"name":"(anonymous_1)","decl":{"start":{"line":12,"column":4},"end":{"line":12,"column":5}},"loc":{"start":{"line":12,"column":13},"end":{"line":23,"column":5}},"line":12}},"branchMap":{},"s":{"0":14,"1":18},"f":{"0":14,"1":18},"b":{},"_coverageSchema":"332fd63041d2c1bcb487cc26dd0d5f7d97098a6c","hash":"8ad6e92ae26ee32cd41f40f770b185a1bcc4d116"}
,"/s/bach/e/under/kpashak/IdeaProjects/t17/client/src/components/Application/AboutUs/AboutUs.js": {"path":"/s/bach/e/under/kpashak/IdeaProjects/t17/client/src/components/Application/AboutUs/AboutUs.js","statementMap":{"0":{"start":{"line":13,"column":4},"end":{"line":13,"column":17}},"1":{"start":{"line":14,"column":6},"end":{"line":21,"column":7}},"2":{"start":{"line":25,"column":4},"end":{"line":34,"column":5}},"3":{"start":{"line":39,"column":4},"end":{"line":42,"column":6}},"4":{"start":{"line":45,"column":6},"end":{"line":61,"column":7}},"5":{"start":{"line":49,"column":18},"end":{"line":57,"column":34}}},"fnMap":{"0":{"name":"(anonymous_0)","decl":{"start":{"line":12,"column":2},"end":{"line":12,"column":3}},"loc":{"start":{"line":12,"column":21},"end":{"line":22,"column":3}},"line":12},"1":{"name":"(anonymous_1)","decl":{"start":{"line":24,"column":2},"end":{"line":24,"column":3}},"loc":{"start":{"line":24,"column":11},"end":{"line":35,"column":3}},"line":24},"2":{"name":"(anonymous_2)","decl":{"start":{"line":38,"column":2},"end":{"line":38,"column":3}},"loc":{"start":{"line":38,"column":12},"end":{"line":43,"column":3}},"line":38},"3":{"name":"(anonymous_3)","decl":{"start":{"line":44,"column":2},"end":{"line":44,"column":3}},"loc":{"start":{"line":44,"column":24},"end":{"line":62,"column":3}},"line":44},"4":{"name":"(anonymous_4)","decl":{"start":{"line":48,"column":35},"end":{"line":48,"column":36}},"loc":{"start":{"line":49,"column":18},"end":{"line":57,"column":34}},"line":49}},"branchMap":{},"s":{"0":1,"1":1,"2":1,"3":1,"4":1,"5":4},"f":{"0":1,"1":1,"2":1,"3":1,"4":4},"b":{},"_coverageSchema":"332fd63041d2c1bcb487cc26dd0d5f7d97098a6c","hash":"174953cf4a42641af664fa8fb227517f3c1260af"}
,"/s/bach/e/under/kpashak/IdeaProjects/t17/client/src/components/Application/Calculator/Calculator.js": {"path":"/s/bach/e/under/kpashak/IdeaProjects/t17/client/src/components/Application/Calculator/Calculator.js","statementMap":{"0":{"start":{"line":14,"column":4},"end":{"line":14,"column":17}},"1":{"start":{"line":16,"column":4},"end":{"line":16,"column":63}},"2":{"start":{"line":17,"column":4},"end":{"line":17,"column":61}},"3":{"start":{"line":18,"column":4},"end":{"line":18,"column":57}},"4":{"start":{"line":19,"column":4},"end":{"line":19,"column":67}},"5":{"start":{"line":20,"column":4},"end":{"line":20,"column":65}},"6":{"start":{"line":21,"column":4},"end":{"line":21,"column":53}},"7":{"start":{"line":23,"column":4},"end":{"line":26,"column":6}},"8":{"start":{"line":27,"column":4},"end":{"line":27,"column":60}},"9":{"start":{"line":27,"column":35},"end":{"line":27,"column":60}},"10":{"start":{"line":31,"column":4},"end":{"line":52,"column":6}},"11":{"start":{"line":57,"column":8},"end":{"line":60,"column":10}},"12":{"start":{"line":67,"column":8},"end":{"line":76,"column":9}},"13":{"start":{"line":79,"column":6},"end":{"line":84,"column":7}},"14":{"start":{"line":87,"column":24},"end":{"line":87,"column":52}},"15":{"start":{"line":89,"column":6},"end":{"line":93,"column":7}},"16":{"start":{"line":90,"column":8},"end":{"line":90,"column":58}},"17":{"start":{"line":92,"column":8},"end":{"line":92,"column":29}},"18":{"start":{"line":95,"column":6},"end":{"line":95,"column":67}},"19":{"start":{"line":102,"column":8},"end":{"line":106,"column":10}},"20":{"start":{"line":111,"column":4},"end":{"line":115,"column":6}},"21":{"start":{"line":119,"column":33},"end":{"line":120,"column":70}},"22":{"start":{"line":120,"column":6},"end":{"line":120,"column":69}},"23":{"start":{"line":122,"column":4},"end":{"line":128,"column":6}},"24":{"start":{"line":133,"column":4},"end":{"line":133,"column":114}},"25":{"start":{"line":133,"column":86},"end":{"line":133,"column":114}},"26":{"start":{"line":134,"column":4},"end":{"line":134,"column":14}},"27":{"start":{"line":137,"column":4},"end":{"line":137,"column":178}},"28":{"start":{"line":137,"column":165},"end":{"line":137,"column":178}},"29":{"start":{"line":138,"column":4},"end":{"line":138,"column":16}},"30":{"start":{"line":141,"column":4},"end":{"line":151,"column":8}},"31":{"start":{"line":155,"column":4},"end":{"line":163,"column":6}},"32":{"start":{"line":167,"column":29},"end":{"line":167,"column":54}},"33":{"start":{"line":168,"column":4},"end":{"line":186,"column":9}},"34":{"start":{"line":170,"column":8},"end":{"line":185,"column":9}},"35":{"start":{"line":171,"column":10},"end":{"line":174,"column":13}},"36":{"start":{"line":177,"column":10},"end":{"line":184,"column":13}},"37":{"start":{"line":189,"column":24},"end":{"line":189,"column":52}},"38":{"start":{"line":190,"column":19},"end":{"line":190,"column":53}},"39":{"start":{"line":191,"column":24},"end":{"line":191,"column":63}},"40":{"start":{"line":192,"column":33},"end":{"line":198,"column":7}},"41":{"start":{"line":199,"column":6},"end":{"line":199,"column":32}}},"fnMap":{"0":{"name":"(anonymous_0)","decl":{"start":{"line":13,"column":2},"end":{"line":13,"column":3}},"loc":{"start":{"line":13,"column":21},"end":{"line":28,"column":3}},"line":13},"1":{"name":"(anonymous_1)","decl":{"start":{"line":30,"column":2},"end":{"line":30,"column":3}},"loc":{"start":{"line":30,"column":11},"end":{"line":53,"column":3}},"line":30},"2":{"name":"(anonymous_2)","decl":{"start":{"line":56,"column":4},"end":{"line":56,"column":5}},"loc":{"start":{"line":56,"column":16},"end":{"line":61,"column":5}},"line":56},"3":{"name":"(anonymous_3)","decl":{"start":{"line":63,"column":4},"end":{"line":63,"column":5}},"loc":{"start":{"line":63,"column":23},"end":{"line":77,"column":5}},"line":63},"4":{"name":"(anonymous_4)","decl":{"start":{"line":78,"column":4},"end":{"line":78,"column":5}},"loc":{"start":{"line":78,"column":32},"end":{"line":85,"column":5}},"line":78},"5":{"name":"(anonymous_5)","decl":{"start":{"line":86,"column":4},"end":{"line":86,"column":5}},"loc":{"start":{"line":86,"column":31},"end":{"line":97,"column":5}},"line":86},"6":{"name":"(anonymous_6)","decl":{"start":{"line":99,"column":4},"end":{"line":99,"column":5}},"loc":{"start":{"line":99,"column":17},"end":{"line":107,"column":5}},"line":99},"7":{"name":"(anonymous_7)","decl":{"start":{"line":110,"column":2},"end":{"line":110,"column":3}},"loc":{"start":{"line":110,"column":17},"end":{"line":116,"column":3}},"line":110},"8":{"name":"(anonymous_8)","decl":{"start":{"line":118,"column":2},"end":{"line":118,"column":3}},"loc":{"start":{"line":118,"column":29},"end":{"line":130,"column":3}},"line":118},"9":{"name":"(anonymous_9)","decl":{"start":{"line":119,"column":33},"end":{"line":119,"column":34}},"loc":{"start":{"line":119,"column":44},"end":{"line":120,"column":70}},"line":119},"10":{"name":"(anonymous_10)","decl":{"start":{"line":131,"column":2},"end":{"line":131,"column":3}},"loc":{"start":{"line":131,"column":26},"end":{"line":135,"column":3}},"line":131},"11":{"name":"(anonymous_11)","decl":{"start":{"line":136,"column":2},"end":{"line":136,"column":3}},"loc":{"start":{"line":136,"column":23},"end":{"line":139,"column":3}},"line":136},"12":{"name":"(anonymous_12)","decl":{"start":{"line":140,"column":2},"end":{"line":140,"column":3}},"loc":{"start":{"line":140,"column":23},"end":{"line":152,"column":3}},"line":140},"13":{"name":"(anonymous_13)","decl":{"start":{"line":154,"column":2},"end":{"line":154,"column":3}},"loc":{"start":{"line":154,"column":19},"end":{"line":164,"column":3}},"line":154},"14":{"name":"(anonymous_14)","decl":{"start":{"line":166,"column":2},"end":{"line":166,"column":3}},"loc":{"start":{"line":166,"column":22},"end":{"line":187,"column":3}},"line":166},"15":{"name":"(anonymous_15)","decl":{"start":{"line":169,"column":12},"end":{"line":169,"column":13}},"loc":{"start":{"line":169,"column":26},"end":{"line":186,"column":7}},"line":169},"16":{"name":"(anonymous_16)","decl":{"start":{"line":188,"column":4},"end":{"line":188,"column":5}},"loc":{"start":{"line":188,"column":24},"end":{"line":200,"column":3}},"line":188}},"branchMap":{"0":{"loc":{"start":{"line":27,"column":4},"end":{"line":27,"column":60}},"type":"if","locations":[{"start":{"line":27,"column":4},"end":{"line":27,"column":60}},{"start":{"line":27,"column":4},"end":{"line":27,"column":60}}],"line":27},"1":{"loc":{"start":{"line":133,"column":4},"end":{"line":133,"column":114}},"type":"if","locations":[{"start":{"line":133,"column":4},"end":{"line":133,"column":114}},{"start":{"line":133,"column":4},"end":{"line":133,"column":114}}],"line":133},"2":{"loc":{"start":{"line":133,"column":7},"end":{"line":133,"column":84}},"type":"binary-expr","locations":[{"start":{"line":133,"column":7},"end":{"line":133,"column":43}},{"start":{"line":133,"column":47},"end":{"line":133,"column":84}}],"line":133},"3":{"loc":{"start":{"line":137,"column":4},"end":{"line":137,"column":178}},"type":"if","locations":[{"start":{"line":137,"column":4},"end":{"line":137,"column":178}},{"start":{"line":137,"column":4},"end":{"line":137,"column":178}}],"line":137},"4":{"loc":{"start":{"line":137,"column":7},"end":{"line":137,"column":163}},"type":"binary-expr","locations":[{"start":{"line":137,"column":7},"end":{"line":137,"column":40}},{"start":{"line":137,"column":44},"end":{"line":137,"column":78}},{"start":{"line":137,"column":82},"end":{"line":137,"column":120}},{"start":{"line":137,"column":124},"end":{"line":137,"column":163}}],"line":137},"5":{"loc":{"start":{"line":170,"column":8},"end":{"line":185,"column":9}},"type":"if","locations":[{"start":{"line":170,"column":8},"end":{"line":185,"column":9}},{"start":{"line":170,"column":8},"end":{"line":185,"column":9}}],"line":170},"6":{"loc":{"start":{"line":170,"column":11},"end":{"line":170,"column":67}},"type":"binary-expr","locations":[{"start":{"line":170,"column":11},"end":{"line":170,"column":37}},{"start":{"line":170,"column":41},"end":{"line":170,"column":67}}],"line":170}},"s":{"0":1,"1":1,"2":1,"3":1,"4":1,"5":1,"6":1,"7":1,"8":1,"9":0,"10":1,"11":1,"12":1,"13":2,"14":2,"15":2,"16":2,"17":2,"18":0,"19":2,"20":1,"21":2,"22":0,"23":2,"24":2,"25":0,"26":2,"27":1,"28":1,"29":0,"30":2,"31":1,"32":0,"33":0,"34":0,"35":0,"36":0,"37":0,"38":0,"39":0,"40":0,"41":0},"f":{"0":1,"1":1,"2":1,"3":1,"4":2,"5":2,"6":2,"7":1,"8":2,"9":0,"10":2,"11":1,"12":2,"13":1,"14":0,"15":0,"16":0},"b":{"0":[0,1],"1":[0,2],"2":[2,1],"3":[1,0],"4":[1,1,0,0],"5":[0,0],"6":[0,0]},"_coverageSchema":"332fd63041d2c1bcb487cc26dd0d5f7d97098a6c","hash":"65847c820c89c4e3c30414c99968f91a0abecf5a"}
,"/s/bach/e/under/kpashak/IdeaProjects/t17/client/src/components/Application/Itinerary/Itinerary.js": {"path":"/s/bach/e/under/kpashak/IdeaProjects/t17/client/src/components/Application/Itinerary/Itinerary.js","statementMap":{"0":{"start":{"line":16,"column":8},"end":{"line":16,"column":21}},"1":{"start":{"line":18,"column":8},"end":{"line":18,"column":55}},"2":{"start":{"line":19,"column":8},"end":{"line":19,"column":49}},"3":{"start":{"line":20,"column":8},"end":{"line":20,"column":59}},"4":{"start":{"line":21,"column":8},"end":{"line":21,"column":65}},"5":{"start":{"line":22,"column":8},"end":{"line":22,"column":61}},"6":{"start":{"line":23,"column":8},"end":{"line":23,"column":49}},"7":{"start":{"line":24,"column":8},"end":{"line":24,"column":61}},"8":{"start":{"line":25,"column":8},"end":{"line":25,"column":67}},"9":{"start":{"line":26,"column":8},"end":{"line":26,"column":63}},"10":{"start":{"line":27,"column":8},"end":{"line":27,"column":57}},"11":{"start":{"line":28,"column":8},"end":{"line":28,"column":67}},"12":{"start":{"line":29,"column":8},"end":{"line":29,"column":63}},"13":{"start":{"line":30,"column":8},"end":{"line":30,"column":63}},"14":{"start":{"line":35,"column":8},"end":{"line":114,"column":9}},"15":{"start":{"line":104,"column":90},"end":{"line":104,"column":119}},"16":{"start":{"line":118,"column":8},"end":{"line":121,"column":10}},"17":{"start":{"line":126,"column":8},"end":{"line":141,"column":9}},"18":{"start":{"line":127,"column":12},"end":{"line":140,"column":27}},"19":{"start":{"line":133,"column":38},"end":{"line":136,"column":54}},"20":{"start":{"line":145,"column":8},"end":{"line":145,"column":58}},"21":{"start":{"line":151,"column":8},"end":{"line":158,"column":10}},"22":{"start":{"line":162,"column":24},"end":{"line":162,"column":48}},"23":{"start":{"line":163,"column":8},"end":{"line":179,"column":15}},"24":{"start":{"line":165,"column":16},"end":{"line":178,"column":17}},"25":{"start":{"line":166,"column":20},"end":{"line":166,"column":64}},"26":{"start":{"line":167,"column":20},"end":{"line":167,"column":62}},"27":{"start":{"line":168,"column":20},"end":{"line":168,"column":56}},"28":{"start":{"line":171,"column":20},"end":{"line":177,"column":23}},"29":{"start":{"line":184,"column":8},"end":{"line":184,"column":43}},"30":{"start":{"line":188,"column":8},"end":{"line":188,"column":42}},"31":{"start":{"line":194,"column":25},"end":{"line":194,"column":41}},"32":{"start":{"line":195,"column":8},"end":{"line":195,"column":51}},"33":{"start":{"line":196,"column":8},"end":{"line":196,"column":40}},"34":{"start":{"line":200,"column":8},"end":{"line":200,"column":41}},"35":{"start":{"line":204,"column":8},"end":{"line":204,"column":67}},"36":{"start":{"line":208,"column":8},"end":{"line":208,"column":33}},"37":{"start":{"line":211,"column":8},"end":{"line":218,"column":10}},"38":{"start":{"line":223,"column":33},"end":{"line":223,"column":55}},"39":{"start":{"line":224,"column":8},"end":{"line":240,"column":15}},"40":{"start":{"line":226,"column":16},"end":{"line":239,"column":17}},"41":{"start":{"line":227,"column":20},"end":{"line":227,"column":66}},"42":{"start":{"line":228,"column":20},"end":{"line":228,"column":66}},"43":{"start":{"line":229,"column":20},"end":{"line":229,"column":56}},"44":{"start":{"line":232,"column":20},"end":{"line":238,"column":23}},"45":{"start":{"line":243,"column":8},"end":{"line":258,"column":9}},"46":{"start":{"line":244,"column":12},"end":{"line":257,"column":13}},"47":{"start":{"line":248,"column":28},"end":{"line":253,"column":44}},"48":{"start":{"line":262,"column":8},"end":{"line":262,"column":53}},"49":{"start":{"line":265,"column":8},"end":{"line":265,"column":62}},"50":{"start":{"line":268,"column":8},"end":{"line":268,"column":46}},"51":{"start":{"line":271,"column":8},"end":{"line":274,"column":10}},"52":{"start":{"line":281,"column":8},"end":{"line":301,"column":9}},"53":{"start":{"line":288,"column":20},"end":{"line":291,"column":29}},"54":{"start":{"line":294,"column":20},"end":{"line":298,"column":31}},"55":{"start":{"line":305,"column":33},"end":{"line":305,"column":55}},"56":{"start":{"line":307,"column":19},"end":{"line":307,"column":51}},"57":{"start":{"line":308,"column":19},"end":{"line":308,"column":59}},"58":{"start":{"line":309,"column":18},"end":{"line":309,"column":50}},"59":{"start":{"line":310,"column":8},"end":{"line":310,"column":36}},"60":{"start":{"line":317,"column":8},"end":{"line":321,"column":10}},"61":{"start":{"line":325,"column":8},"end":{"line":325,"column":102}},"62":{"start":{"line":329,"column":8},"end":{"line":329,"column":101}},"63":{"start":{"line":334,"column":8},"end":{"line":336,"column":9}},"64":{"start":{"line":335,"column":12},"end":{"line":335,"column":55}},"65":{"start":{"line":337,"column":23},"end":{"line":337,"column":25}},"66":{"start":{"line":338,"column":8},"end":{"line":349,"column":9}},"67":{"start":{"line":339,"column":23},"end":{"line":339,"column":25}},"68":{"start":{"line":340,"column":28},"end":{"line":340,"column":30}},"69":{"start":{"line":341,"column":28},"end":{"line":341,"column":30}},"70":{"start":{"line":342,"column":12},"end":{"line":342,"column":67}},"71":{"start":{"line":343,"column":12},"end":{"line":343,"column":68}},"72":{"start":{"line":344,"column":12},"end":{"line":344,"column":69}},"73":{"start":{"line":345,"column":12},"end":{"line":345,"column":70}},"74":{"start":{"line":346,"column":12},"end":{"line":346,"column":33}},"75":{"start":{"line":347,"column":12},"end":{"line":347,"column":33}},"76":{"start":{"line":348,"column":12},"end":{"line":348,"column":68}},"77":{"start":{"line":350,"column":23},"end":{"line":350,"column":25}},"78":{"start":{"line":351,"column":23},"end":{"line":351,"column":25}},"79":{"start":{"line":352,"column":22},"end":{"line":352,"column":24}},"80":{"start":{"line":353,"column":8},"end":{"line":353,"column":62}},"81":{"start":{"line":354,"column":8},"end":{"line":354,"column":63}},"82":{"start":{"line":355,"column":8},"end":{"line":355,"column":95}},"83":{"start":{"line":356,"column":8},"end":{"line":356,"column":96}},"84":{"start":{"line":357,"column":8},"end":{"line":357,"column":31}},"85":{"start":{"line":358,"column":8},"end":{"line":358,"column":32}},"86":{"start":{"line":359,"column":8},"end":{"line":359,"column":105}},"87":{"start":{"line":361,"column":8},"end":{"line":361,"column":24}},"88":{"start":{"line":365,"column":8},"end":{"line":367,"column":9}},"89":{"start":{"line":366,"column":12},"end":{"line":366,"column":22}},"90":{"start":{"line":368,"column":29},"end":{"line":368,"column":31}},"91":{"start":{"line":369,"column":22},"end":{"line":369,"column":23}},"92":{"start":{"line":370,"column":8},"end":{"line":380,"column":9}},"93":{"start":{"line":371,"column":29},"end":{"line":371,"column":31}},"94":{"start":{"line":372,"column":12},"end":{"line":372,"column":33}},"95":{"start":{"line":373,"column":12},"end":{"line":373,"column":64}},"96":{"start":{"line":374,"column":12},"end":{"line":374,"column":68}},"97":{"start":{"line":375,"column":12},"end":{"line":375,"column":69}},"98":{"start":{"line":376,"column":12},"end":{"line":376,"column":62}},"99":{"start":{"line":377,"column":12},"end":{"line":377,"column":65}},"100":{"start":{"line":378,"column":12},"end":{"line":378,"column":37}},"101":{"start":{"line":379,"column":12},"end":{"line":379,"column":44}},"102":{"start":{"line":381,"column":8},"end":{"line":381,"column":30}},"103":{"start":{"line":386,"column":8},"end":{"line":386,"column":46}},"104":{"start":{"line":390,"column":8},"end":{"line":390,"column":70}},"105":{"start":{"line":395,"column":24},"end":{"line":395,"column":51}},"106":{"start":{"line":396,"column":8},"end":{"line":422,"column":10}},"107":{"start":{"line":411,"column":24},"end":{"line":418,"column":29}}},"fnMap":{"0":{"name":"(anonymous_0)","decl":{"start":{"line":15,"column":4},"end":{"line":15,"column":5}},"loc":{"start":{"line":15,"column":23},"end":{"line":32,"column":5}},"line":15},"1":{"name":"(anonymous_1)","decl":{"start":{"line":34,"column":4},"end":{"line":34,"column":5}},"loc":{"start":{"line":34,"column":13},"end":{"line":115,"column":5}},"line":34},"2":{"name":"(anonymous_2)","decl":{"start":{"line":104,"column":83},"end":{"line":104,"column":84}},"loc":{"start":{"line":104,"column":90},"end":{"line":104,"column":119}},"line":104},"3":{"name":"(anonymous_3)","decl":{"start":{"line":117,"column":4},"end":{"line":117,"column":5}},"loc":{"start":{"line":117,"column":14},"end":{"line":122,"column":5}},"line":117},"4":{"name":"(anonymous_4)","decl":{"start":{"line":125,"column":4},"end":{"line":125,"column":5}},"loc":{"start":{"line":125,"column":24},"end":{"line":142,"column":5}},"line":125},"5":{"name":"(anonymous_5)","decl":{"start":{"line":132,"column":69},"end":{"line":132,"column":70}},"loc":{"start":{"line":133,"column":38},"end":{"line":136,"column":54}},"line":133},"6":{"name":"(anonymous_6)","decl":{"start":{"line":144,"column":4},"end":{"line":144,"column":5}},"loc":{"start":{"line":144,"column":42},"end":{"line":146,"column":5}},"line":144},"7":{"name":"(anonymous_7)","decl":{"start":{"line":150,"column":4},"end":{"line":150,"column":5}},"loc":{"start":{"line":150,"column":24},"end":{"line":159,"column":5}},"line":150},"8":{"name":"(anonymous_8)","decl":{"start":{"line":161,"column":4},"end":{"line":161,"column":5}},"loc":{"start":{"line":161,"column":22},"end":{"line":180,"column":5}},"line":161},"9":{"name":"(anonymous_9)","decl":{"start":{"line":164,"column":18},"end":{"line":164,"column":19}},"loc":{"start":{"line":164,"column":32},"end":{"line":179,"column":13}},"line":164},"10":{"name":"(anonymous_10)","decl":{"start":{"line":183,"column":4},"end":{"line":183,"column":5}},"loc":{"start":{"line":183,"column":27},"end":{"line":185,"column":5}},"line":183},"11":{"name":"(anonymous_11)","decl":{"start":{"line":187,"column":4},"end":{"line":187,"column":5}},"loc":{"start":{"line":187,"column":26},"end":{"line":189,"column":5}},"line":187},"12":{"name":"(anonymous_12)","decl":{"start":{"line":193,"column":4},"end":{"line":193,"column":5}},"loc":{"start":{"line":193,"column":19},"end":{"line":197,"column":5}},"line":193},"13":{"name":"(anonymous_13)","decl":{"start":{"line":199,"column":4},"end":{"line":199,"column":5}},"loc":{"start":{"line":199,"column":25},"end":{"line":201,"column":5}},"line":199},"14":{"name":"(anonymous_14)","decl":{"start":{"line":203,"column":4},"end":{"line":203,"column":5}},"loc":{"start":{"line":203,"column":19},"end":{"line":205,"column":5}},"line":203},"15":{"name":"(anonymous_15)","decl":{"start":{"line":207,"column":4},"end":{"line":207,"column":5}},"loc":{"start":{"line":207,"column":17},"end":{"line":209,"column":5}},"line":207},"16":{"name":"(anonymous_16)","decl":{"start":{"line":210,"column":4},"end":{"line":210,"column":5}},"loc":{"start":{"line":210,"column":21},"end":{"line":221,"column":5}},"line":210},"17":{"name":"(anonymous_17)","decl":{"start":{"line":222,"column":4},"end":{"line":222,"column":5}},"loc":{"start":{"line":222,"column":20},"end":{"line":241,"column":5}},"line":222},"18":{"name":"(anonymous_18)","decl":{"start":{"line":225,"column":18},"end":{"line":225,"column":19}},"loc":{"start":{"line":225,"column":32},"end":{"line":240,"column":13}},"line":225},"19":{"name":"(anonymous_19)","decl":{"start":{"line":242,"column":4},"end":{"line":242,"column":5}},"loc":{"start":{"line":242,"column":22},"end":{"line":259,"column":5}},"line":242},"20":{"name":"(anonymous_20)","decl":{"start":{"line":247,"column":55},"end":{"line":247,"column":56}},"loc":{"start":{"line":248,"column":28},"end":{"line":253,"column":44}},"line":248},"21":{"name":"(anonymous_21)","decl":{"start":{"line":261,"column":4},"end":{"line":261,"column":5}},"loc":{"start":{"line":261,"column":37},"end":{"line":263,"column":5}},"line":261},"22":{"name":"(anonymous_22)","decl":{"start":{"line":264,"column":4},"end":{"line":264,"column":5}},"loc":{"start":{"line":264,"column":46},"end":{"line":266,"column":5}},"line":264},"23":{"name":"(anonymous_23)","decl":{"start":{"line":267,"column":4},"end":{"line":267,"column":5}},"loc":{"start":{"line":267,"column":30},"end":{"line":269,"column":5}},"line":267},"24":{"name":"(anonymous_24)","decl":{"start":{"line":270,"column":4},"end":{"line":270,"column":5}},"loc":{"start":{"line":270,"column":16},"end":{"line":275,"column":5}},"line":270},"25":{"name":"(anonymous_25)","decl":{"start":{"line":277,"column":4},"end":{"line":277,"column":5}},"loc":{"start":{"line":277,"column":23},"end":{"line":302,"column":5}},"line":277},"26":{"name":"(anonymous_26)","decl":{"start":{"line":287,"column":49},"end":{"line":287,"column":50}},"loc":{"start":{"line":288,"column":20},"end":{"line":291,"column":29}},"line":288},"27":{"name":"(anonymous_27)","decl":{"start":{"line":293,"column":52},"end":{"line":293,"column":53}},"loc":{"start":{"line":294,"column":20},"end":{"line":298,"column":31}},"line":294},"28":{"name":"(anonymous_28)","decl":{"start":{"line":303,"column":4},"end":{"line":303,"column":5}},"loc":{"start":{"line":303,"column":23},"end":{"line":311,"column":5}},"line":303},"29":{"name":"(anonymous_29)","decl":{"start":{"line":314,"column":4},"end":{"line":314,"column":5}},"loc":{"start":{"line":314,"column":17},"end":{"line":322,"column":5}},"line":314},"30":{"name":"(anonymous_30)","decl":{"start":{"line":324,"column":4},"end":{"line":324,"column":5}},"loc":{"start":{"line":324,"column":23},"end":{"line":326,"column":5}},"line":324},"31":{"name":"(anonymous_31)","decl":{"start":{"line":328,"column":4},"end":{"line":328,"column":5}},"loc":{"start":{"line":328,"column":23},"end":{"line":330,"column":5}},"line":328},"32":{"name":"(anonymous_32)","decl":{"start":{"line":333,"column":4},"end":{"line":333,"column":5}},"loc":{"start":{"line":333,"column":26},"end":{"line":362,"column":5}},"line":333},"33":{"name":"(anonymous_33)","decl":{"start":{"line":364,"column":4},"end":{"line":364,"column":5}},"loc":{"start":{"line":364,"column":26},"end":{"line":382,"column":5}},"line":364},"34":{"name":"(anonymous_34)","decl":{"start":{"line":385,"column":4},"end":{"line":385,"column":5}},"loc":{"start":{"line":385,"column":35},"end":{"line":387,"column":5}},"line":385},"35":{"name":"(anonymous_35)","decl":{"start":{"line":388,"column":4},"end":{"line":388,"column":5}},"loc":{"start":{"line":388,"column":35},"end":{"line":391,"column":5}},"line":388},"36":{"name":"(anonymous_36)","decl":{"start":{"line":393,"column":4},"end":{"line":393,"column":5}},"loc":{"start":{"line":393,"column":25},"end":{"line":423,"column":5}},"line":393},"37":{"name":"(anonymous_37)","decl":{"start":{"line":410,"column":36},"end":{"line":410,"column":37}},"loc":{"start":{"line":411,"column":24},"end":{"line":418,"column":29}},"line":411}},"branchMap":{"0":{"loc":{"start":{"line":126,"column":8},"end":{"line":141,"column":9}},"type":"if","locations":[{"start":{"line":126,"column":8},"end":{"line":141,"column":9}},{"start":{"line":126,"column":8},"end":{"line":141,"column":9}}],"line":126},"1":{"loc":{"start":{"line":165,"column":16},"end":{"line":178,"column":17}},"type":"if","locations":[{"start":{"line":165,"column":16},"end":{"line":178,"column":17}},{"start":{"line":165,"column":16},"end":{"line":178,"column":17}}],"line":165},"2":{"loc":{"start":{"line":165,"column":20},"end":{"line":165,"column":76}},"type":"binary-expr","locations":[{"start":{"line":165,"column":20},"end":{"line":165,"column":46}},{"start":{"line":165,"column":50},"end":{"line":165,"column":76}}],"line":165},"3":{"loc":{"start":{"line":226,"column":16},"end":{"line":239,"column":17}},"type":"if","locations":[{"start":{"line":226,"column":16},"end":{"line":239,"column":17}},{"start":{"line":226,"column":16},"end":{"line":239,"column":17}}],"line":226},"4":{"loc":{"start":{"line":226,"column":19},"end":{"line":226,"column":75}},"type":"binary-expr","locations":[{"start":{"line":226,"column":19},"end":{"line":226,"column":45}},{"start":{"line":226,"column":49},"end":{"line":226,"column":75}}],"line":226},"5":{"loc":{"start":{"line":243,"column":8},"end":{"line":258,"column":9}},"type":"if","locations":[{"start":{"line":243,"column":8},"end":{"line":258,"column":9}},{"start":{"line":243,"column":8},"end":{"line":258,"column":9}}],"line":243},"6":{"loc":{"start":{"line":288,"column":38},"end":{"line":288,"column":168}},"type":"cond-expr","locations":[{"start":{"line":288,"column":66},"end":{"line":288,"column":131}},{"start":{"line":288,"column":133},"end":{"line":288,"column":168}}],"line":288},"7":{"loc":{"start":{"line":297,"column":66},"end":{"line":297,"column":165}},"type":"cond-expr","locations":[{"start":{"line":297,"column":94},"end":{"line":297,"column":150}},{"start":{"line":297,"column":152},"end":{"line":297,"column":165}}],"line":297},"8":{"loc":{"start":{"line":325,"column":17},"end":{"line":325,"column":100}},"type":"binary-expr","locations":[{"start":{"line":325,"column":17},"end":{"line":325,"column":57}},{"start":{"line":325,"column":61},"end":{"line":325,"column":100}}],"line":325},"9":{"loc":{"start":{"line":329,"column":17},"end":{"line":329,"column":99}},"type":"binary-expr","locations":[{"start":{"line":329,"column":17},"end":{"line":329,"column":60}},{"start":{"line":329,"column":64},"end":{"line":329,"column":99}}],"line":329},"10":{"loc":{"start":{"line":334,"column":8},"end":{"line":336,"column":9}},"type":"if","locations":[{"start":{"line":334,"column":8},"end":{"line":336,"column":9}},{"start":{"line":334,"column":8},"end":{"line":336,"column":9}}],"line":334},"11":{"loc":{"start":{"line":334,"column":11},"end":{"line":334,"column":65}},"type":"binary-expr","locations":[{"start":{"line":334,"column":11},"end":{"line":334,"column":36}},{"start":{"line":334,"column":40},"end":{"line":334,"column":65}}],"line":334},"12":{"loc":{"start":{"line":365,"column":8},"end":{"line":367,"column":9}},"type":"if","locations":[{"start":{"line":365,"column":8},"end":{"line":367,"column":9}},{"start":{"line":365,"column":8},"end":{"line":367,"column":9}}],"line":365},"13":{"loc":{"start":{"line":365,"column":11},"end":{"line":365,"column":65}},"type":"binary-expr","locations":[{"start":{"line":365,"column":11},"end":{"line":365,"column":36}},{"start":{"line":365,"column":40},"end":{"line":365,"column":65}}],"line":365}},"s":{"0":0,"1":0,"2":0,"3":0,"4":0,"5":0,"6":0,"7":0,"8":0,"9":0,"10":0,"11":0,"12":0,"13":0,"14":0,"15":0,"16":0,"17":0,"18":0,"19":0,"20":0,"21":0,"22":0,"23":0,"24":0,"25":0,"26":0,"27":0,"28":0,"29":0,"30":0,"31":0,"32":0,"33":0,"34":0,"35":0,"36":0,"37":0,"38":0,"39":0,"40":0,"41":0,"42":0,"43":0,"44":0,"45":0,"46":0,"47":0,"48":0,"49":0,"50":0,"51":0,"52":0,"53":0,"54":0,"55":0,"56":0,"57":0,"58":0,"59":0,"60":0,"61":0,"62":0,"63":0,"64":0,"65":0,"66":0,"67":0,"68":0,"69":0,"70":0,"71":0,"72":0,"73":0,"74":0,"75":0,"76":0,"77":0,"78":0,"79":0,"80":0,"81":0,"82":0,"83":0,"84":0,"85":0,"86":0,"87":0,"88":0,"89":0,"90":0,"91":0,"92":0,"93":0,"94":0,"95":0,"96":0,"97":0,"98":0,"99":0,"100":0,"101":0,"102":0,"103":0,"104":0,"105":0,"106":0,"107":0},"f":{"0":0,"1":0,"2":0,"3":0,"4":0,"5":0,"6":0,"7":0,"8":0,"9":0,"10":0,"11":0,"12":0,"13":0,"14":0,"15":0,"16":0,"17":0,"18":0,"19":0,"20":0,"21":0,"22":0,"23":0,"24":0,"25":0,"26":0,"27":0,"28":0,"29":0,"30":0,"31":0,"32":0,"33":0,"34":0,"35":0,"36":0,"37":0},"b":{"0":[0,0],"1":[0,0],"2":[0,0],"3":[0,0],"4":[0,0],"5":[0,0],"6":[0,0],"7":[0,0],"8":[0,0],"9":[0,0],"10":[0,0],"11":[0,0],"12":[0,0],"13":[0,0]},"_coverageSchema":"332fd63041d2c1bcb487cc26dd0d5f7d97098a6c","hash":"b3dbff3974318a2a9b22e23c4fe4e3d2cb31754c"}
,"/s/bach/e/under/kpashak/IdeaProjects/t17/client/src/components/Application/Itinerary/ItineraryFindListItem.js": {"path":"/s/bach/e/under/kpashak/IdeaProjects/t17/client/src/components/Application/Itinerary/ItineraryFindListItem.js","statementMap":{"0":{"start":{"line":9,"column":8},"end":{"line":9,"column":21}},"1":{"start":{"line":13,"column":8},"end":{"line":22,"column":9}},"2":{"start":{"line":26,"column":8},"end":{"line":26,"column":54}}},"fnMap":{"0":{"name":"(anonymous_0)","decl":{"start":{"line":8,"column":4},"end":{"line":8,"column":5}},"loc":{"start":{"line":8,"column":23},"end":{"line":10,"column":5}},"line":8},"1":{"name":"(anonymous_1)","decl":{"start":{"line":12,"column":4},"end":{"line":12,"column":5}},"loc":{"start":{"line":12,"column":13},"end":{"line":23,"column":5}},"line":12},"2":{"name":"(anonymous_2)","decl":{"start":{"line":25,"column":4},"end":{"line":25,"column":5}},"loc":{"start":{"line":25,"column":38},"end":{"line":27,"column":5}},"line":25}},"branchMap":{},"s":{"0":0,"1":0,"2":0},"f":{"0":0,"1":0,"2":0},"b":{},"_coverageSchema":"332fd63041d2c1bcb487cc26dd0d5f7d97098a6c","hash":"e242703646750c5d49a67123ddfaa81f95b76213"}
,"/s/bach/e/under/kpashak/IdeaProjects/t17/client/src/components/Application/Itinerary/ItineraryListItem.js": {"path":"/s/bach/e/under/kpashak/IdeaProjects/t17/client/src/components/Application/Itinerary/ItineraryListItem.js","statementMap":{"0":{"start":{"line":9,"column":8},"end":{"line":9,"column":21}},"1":{"start":{"line":14,"column":8},"end":{"line":32,"column":9}},"2":{"start":{"line":40,"column":8},"end":{"line":40,"column":53}},"3":{"start":{"line":43,"column":8},"end":{"line":43,"column":62}}},"fnMap":{"0":{"name":"(anonymous_0)","decl":{"start":{"line":8,"column":4},"end":{"line":8,"column":5}},"loc":{"start":{"line":8,"column":23},"end":{"line":11,"column":5}},"line":8},"1":{"name":"(anonymous_1)","decl":{"start":{"line":13,"column":4},"end":{"line":13,"column":5}},"loc":{"start":{"line":13,"column":13},"end":{"line":33,"column":5}},"line":13},"2":{"name":"(anonymous_2)","decl":{"start":{"line":35,"column":4},"end":{"line":35,"column":5}},"loc":{"start":{"line":35,"column":14},"end":{"line":37,"column":5}},"line":35},"3":{"name":"(anonymous_3)","decl":{"start":{"line":39,"column":4},"end":{"line":39,"column":5}},"loc":{"start":{"line":39,"column":37},"end":{"line":41,"column":5}},"line":39},"4":{"name":"(anonymous_4)","decl":{"start":{"line":42,"column":4},"end":{"line":42,"column":5}},"loc":{"start":{"line":42,"column":46},"end":{"line":44,"column":5}},"line":42}},"branchMap":{},"s":{"0":0,"1":0,"2":0,"3":0},"f":{"0":0,"1":0,"2":0,"3":0,"4":0},"b":{},"_coverageSchema":"332fd63041d2c1bcb487cc26dd0d5f7d97098a6c","hash":"e845a9ea3dacb47f582cc998f2afb1d27bd3309e"}
,"/s/bach/e/under/kpashak/IdeaProjects/t17/client/src/components/Application/Options/Options.js": {"path":"/s/bach/e/under/kpashak/IdeaProjects/t17/client/src/components/Application/Options/Options.js","statementMap":{"0":{"start":{"line":13,"column":4},"end":{"line":13,"column":17}},"1":{"start":{"line":17,"column":4},"end":{"line":35,"column":5}},"2":{"start":{"line":39,"column":8},"end":{"line":48,"column":16}},"3":{"start":{"line":55,"column":34},"end":{"line":56,"column":61}},"4":{"start":{"line":56,"column":5},"end":{"line":56,"column":60}},"5":{"start":{"line":58,"column":6},"end":{"line":64,"column":8}},"6":{"start":{"line":69,"column":6},"end":{"line":70,"column":43}},"7":{"start":{"line":70,"column":10},"end":{"line":70,"column":43}},"8":{"start":{"line":71,"column":6},"end":{"line":72,"column":45}},"9":{"start":{"line":72,"column":10},"end":{"line":72,"column":45}},"10":{"start":{"line":73,"column":6},"end":{"line":73,"column":16}},"11":{"start":{"line":79,"column":4},"end":{"line":82,"column":6}}},"fnMap":{"0":{"name":"(anonymous_0)","decl":{"start":{"line":12,"column":2},"end":{"line":12,"column":3}},"loc":{"start":{"line":12,"column":21},"end":{"line":14,"column":3}},"line":12},"1":{"name":"(anonymous_1)","decl":{"start":{"line":16,"column":2},"end":{"line":16,"column":3}},"loc":{"start":{"line":16,"column":11},"end":{"line":36,"column":3}},"line":16},"2":{"name":"(anonymous_2)","decl":{"start":{"line":38,"column":4},"end":{"line":38,"column":5}},"loc":{"start":{"line":38,"column":17},"end":{"line":49,"column":5}},"line":38},"3":{"name":"(anonymous_3)","decl":{"start":{"line":54,"column":2},"end":{"line":54,"column":3}},"loc":{"start":{"line":54,"column":39},"end":{"line":66,"column":3}},"line":54},"4":{"name":"(anonymous_4)","decl":{"start":{"line":55,"column":34},"end":{"line":55,"column":35}},"loc":{"start":{"line":55,"column":45},"end":{"line":56,"column":61}},"line":55},"5":{"name":"(anonymous_5)","decl":{"start":{"line":68,"column":4},"end":{"line":68,"column":5}},"loc":{"start":{"line":68,"column":31},"end":{"line":75,"column":5}},"line":68},"6":{"name":"(anonymous_6)","decl":{"start":{"line":78,"column":2},"end":{"line":78,"column":3}},"loc":{"start":{"line":78,"column":12},"end":{"line":83,"column":3}},"line":78}},"branchMap":{"0":{"loc":{"start":{"line":69,"column":6},"end":{"line":70,"column":43}},"type":"if","locations":[{"start":{"line":69,"column":6},"end":{"line":70,"column":43}},{"start":{"line":69,"column":6},"end":{"line":70,"column":43}}],"line":69},"1":{"loc":{"start":{"line":69,"column":9},"end":{"line":69,"column":64}},"type":"binary-expr","locations":[{"start":{"line":69,"column":9},"end":{"line":69,"column":28}},{"start":{"line":69,"column":32},"end":{"line":69,"column":64}}],"line":69},"2":{"loc":{"start":{"line":71,"column":6},"end":{"line":72,"column":45}},"type":"if","locations":[{"start":{"line":71,"column":6},"end":{"line":72,"column":45}},{"start":{"line":71,"column":6},"end":{"line":72,"column":45}}],"line":71},"3":{"loc":{"start":{"line":71,"column":9},"end":{"line":71,"column":68}},"type":"binary-expr","locations":[{"start":{"line":71,"column":9},"end":{"line":71,"column":30}},{"start":{"line":71,"column":34},"end":{"line":71,"column":68}}],"line":71}},"s":{"0":2,"1":2,"2":2,"3":4,"4":0,"5":4,"6":4,"7":2,"8":2,"9":2,"10":0,"11":2},"f":{"0":2,"1":2,"2":2,"3":4,"4":0,"5":4,"6":2},"b":{"0":[2,2],"1":[4,2],"2":[2,0],"3":[2,2]},"_coverageSchema":"332fd63041d2c1bcb487cc26dd0d5f7d97098a6c","hash":"9b3082999b1221f0127fe01bb167b672d9d8955c"}
,"/s/bach/e/under/kpashak/IdeaProjects/t17/client/src/components/Application/Options/Units.js": {"path":"/s/bach/e/under/kpashak/IdeaProjects/t17/client/src/components/Application/Options/Units.js","statementMap":{"0":{"start":{"line":7,"column":4},"end":{"line":7,"column":16}},"1":{"start":{"line":11,"column":4},"end":{"line":23,"column":6}},"2":{"start":{"line":29,"column":4},"end":{"line":39,"column":6}},"3":{"start":{"line":30,"column":6},"end":{"line":38,"column":15}},"4":{"start":{"line":35,"column":28},"end":{"line":35,"column":85}}},"fnMap":{"0":{"name":"(anonymous_0)","decl":{"start":{"line":6,"column":2},"end":{"line":6,"column":3}},"loc":{"start":{"line":6,"column":21},"end":{"line":8,"column":3}},"line":6},"1":{"name":"(anonymous_1)","decl":{"start":{"line":10,"column":2},"end":{"line":10,"column":3}},"loc":{"start":{"line":10,"column":11},"end":{"line":24,"column":3}},"line":10},"2":{"name":"(anonymous_2)","decl":{"start":{"line":28,"column":2},"end":{"line":28,"column":3}},"loc":{"start":{"line":28,"column":27},"end":{"line":40,"column":3}},"line":28},"3":{"name":"(anonymous_3)","decl":{"start":{"line":29,"column":28},"end":{"line":29,"column":29}},"loc":{"start":{"line":30,"column":6},"end":{"line":38,"column":15}},"line":30},"4":{"name":"(anonymous_4)","decl":{"start":{"line":35,"column":17},"end":{"line":35,"column":18}},"loc":{"start":{"line":35,"column":28},"end":{"line":35,"column":85}},"line":35}},"branchMap":{},"s":{"0":3,"1":3,"2":3,"3":6,"4":0},"f":{"0":3,"1":3,"2":3,"3":6,"4":0},"b":{},"_coverageSchema":"332fd63041d2c1bcb487cc26dd0d5f7d97098a6c","hash":"676d679a7c7d510c68b6987a67b27b06b0fa115e"}
,"/s/bach/e/under/kpashak/IdeaProjects/t17/client/src/components/Application/Settings/Interop.js": {"path":"/s/bach/e/under/kpashak/IdeaProjects/t17/client/src/components/Application/Settings/Interop.js","statementMap":{"0":{"start":{"line":8,"column":4},"end":{"line":8,"column":17}},"1":{"start":{"line":9,"column":4},"end":{"line":11,"column":6}},"2":{"start":{"line":13,"column":4},"end":{"line":13,"column":61}},"3":{"start":{"line":14,"column":4},"end":{"line":14,"column":59}},"4":{"start":{"line":18,"column":4},"end":{"line":20,"column":5}},"5":{"start":{"line":19,"column":30},"end":{"line":19,"column":64}},"6":{"start":{"line":21,"column":4},"end":{"line":37,"column":6}},"7":{"start":{"line":41,"column":4},"end":{"line":41,"column":50}},"8":{"start":{"line":45,"column":4},"end":{"line":45,"column":32}},"9":{"start":{"line":46,"column":4},"end":{"line":46,"column":65}}},"fnMap":{"0":{"name":"(anonymous_0)","decl":{"start":{"line":7,"column":2},"end":{"line":7,"column":3}},"loc":{"start":{"line":7,"column":21},"end":{"line":15,"column":3}},"line":7},"1":{"name":"(anonymous_1)","decl":{"start":{"line":17,"column":2},"end":{"line":17,"column":3}},"loc":{"start":{"line":17,"column":11},"end":{"line":38,"column":3}},"line":17},"2":{"name":"(anonymous_2)","decl":{"start":{"line":40,"column":2},"end":{"line":40,"column":3}},"loc":{"start":{"line":40,"column":25},"end":{"line":42,"column":3}},"line":40},"3":{"name":"(anonymous_3)","decl":{"start":{"line":44,"column":2},"end":{"line":44,"column":3}},"loc":{"start":{"line":44,"column":31},"end":{"line":47,"column":3}},"line":44}},"branchMap":{"0":{"loc":{"start":{"line":18,"column":4},"end":{"line":20,"column":5}},"type":"if","locations":[{"start":{"line":18,"column":4},"end":{"line":20,"column":5}},{"start":{"line":18,"column":4},"end":{"line":20,"column":5}}],"line":18}},"s":{"0":3,"1":3,"2":3,"3":3,"4":6,"5":0,"6":6,"7":2,"8":1,"9":1},"f":{"0":3,"1":6,"2":2,"3":1},"b":{"0":[0,6]},"_coverageSchema":"332fd63041d2c1bcb487cc26dd0d5f7d97098a6c","hash":"97a17e3b39e9be959b9dfec15578d2a89f9f9320"}
,"/s/bach/e/under/kpashak/IdeaProjects/t17/client/src/components/Application/Settings/Settings.js": {"path":"/s/bach/e/under/kpashak/IdeaProjects/t17/client/src/components/Application/Settings/Settings.js","statementMap":{"0":{"start":{"line":13,"column":4},"end":{"line":13,"column":17}},"1":{"start":{"line":17,"column":4},"end":{"line":32,"column":6}},"2":{"start":{"line":37,"column":4},"end":{"line":40,"column":6}}},"fnMap":{"0":{"name":"(anonymous_0)","decl":{"start":{"line":12,"column":2},"end":{"line":12,"column":3}},"loc":{"start":{"line":12,"column":21},"end":{"line":14,"column":3}},"line":12},"1":{"name":"(anonymous_1)","decl":{"start":{"line":16,"column":2},"end":{"line":16,"column":3}},"loc":{"start":{"line":16,"column":11},"end":{"line":33,"column":3}},"line":16},"2":{"name":"(anonymous_2)","decl":{"start":{"line":36,"column":2},"end":{"line":36,"column":3}},"loc":{"start":{"line":36,"column":12},"end":{"line":41,"column":3}},"line":36}},"branchMap":{},"s":{"0":2,"1":3,"2":3},"f":{"0":2,"1":3,"2":3},"b":{},"_coverageSchema":"332fd63041d2c1bcb487cc26dd0d5f7d97098a6c","hash":"2ff5f5fd413f6dad93e1d00011349abb92c860e2"}
,"/s/bach/e/under/kpashak/IdeaProjects/t17/client/src/components/Margins/Footer.js": {"path":"/s/bach/e/under/kpashak/IdeaProjects/t17/client/src/components/Margins/Footer.js","statementMap":{"0":{"start":{"line":1,"column":0},"end":{"line":null,"column":-1}},"1":{"start":{"line":2,"column":0},"end":{"line":null,"column":-1}},"2":{"start":{"line":3,"column":0},"end":{"line":null,"column":-1}},"3":{"start":{"line":9,"column":21},"end":{"line":null,"column":-1}},"4":{"start":{"line":12,"column":4},"end":{"line":null,"column":-1}},"5":{"start":{"line":16,"column":4},"end":{"line":null,"column":-1}},"6":{"start":{"line":26,"column":4},"end":{"line":null,"column":-1}},"7":{"start":{"line":38,"column":4},"end":{"line":null,"column":-1}},"8":{"start":{"line":57,"column":4},"end":{"line":null,"column":-1}},"9":{"start":{"line":68,"column":4},"end":{"line":null,"column":-1}},"10":{"start":{"line":81,"column":17},"end":{"line":81,"column":4}},"11":{"start":{"line":82,"column":4},"end":{"line":null,"column":-1}},"12":{"start":{"line":98,"column":4},"end":{"line":null,"column":-1}},"13":{"start":{"line":102,"column":16},"end":{"line":102,"column":4}},"14":{"start":{"line":103,"column":16},"end":{"line":103,"column":4}},"15":{"start":{"line":104,"column":4},"end":{"line":117,"column":5}},"16":{"start":{"line":105,"column":6},"end":{"line":null,"column":-1}},"17":{"start":{"line":106,"column":8},"end":{"line":null,"column":-1}},"18":{"start":{"line":112,"column":6},"end":{"line":null,"column":-1}},"19":{"start":{"line":121,"column":4},"end":{"line":122,"column":6}},"20":{"start":{"line":122,"column":6},"end":{"line":null,"column":-1}},"21":{"start":{"line":128,"column":4},"end":{"line":129,"column":6}},"22":{"start":{"line":129,"column":6},"end":{"line":null,"column":-1}}},"fnMap":{"0":{"name":"Footer","decl":{"start":{"line":9,"column":2},"end":{"line":9,"column":13}},"loc":{"start":{"line":9,"column":21},"end":{"line":13,"column":3}}},"1":{"name":"(anonymous_17)","decl":{"start":{"line":105,"column":38},"end":{"line":105,"column":38}},"loc":{"start":{"line":105,"column":48},"end":{"line":105,"column":14}}}},"branchMap":{"0":{"loc":{"start":{"line":9,"column":21},"end":{"line":10,"column":9}},"type":"binary-expr","locations":[{"start":{"line":9,"column":21},"end":{"line":10,"column":9}},{"start":{"line":9,"column":21},"end":{"line":10,"column":9}}]},"1":{"loc":{"start":{"line":104,"column":4},"end":{"line":117,"column":5}},"type":"if","locations":[{"start":{"line":104,"column":4},"end":{"line":117,"column":5}},{"start":{"line":104,"column":4},"end":{"line":117,"column":5}}]},"2":{"loc":{"start":{"line":121,"column":4},"end":{"line":122,"column":6}},"type":"if","locations":[{"start":{"line":121,"column":4},"end":{"line":122,"column":6}},{"start":{"line":121,"column":4},"end":{"line":122,"column":6}}]},"3":{"loc":{"start":{"line":128,"column":4},"end":{"line":129,"column":6}},"type":"if","locations":[{"start":{"line":128,"column":4},"end":{"line":129,"column":6}},{"start":{"line":128,"column":4},"end":{"line":129,"column":6}}]}},"s":{"0":0,"1":0,"2":0,"3":0,"4":0,"5":0,"6":0,"7":0,"8":0,"9":0,"10":0,"11":0,"12":0,"13":0,"14":0,"15":0,"16":0,"17":0,"18":0,"19":0,"20":0,"21":0,"22":0},"f":{"0":0,"1":0},"b":{"0":[0,0],"1":[0,0],"2":[0,0],"3":[0,0]}}
,"/s/bach/e/under/kpashak/IdeaProjects/t17/client/src/components/Margins/FooterLogo.js": {"path":"/s/bach/e/under/kpashak/IdeaProjects/t17/client/src/components/Margins/FooterLogo.js","statementMap":{"0":{"start":{"line":1,"column":0},"end":{"line":null,"column":-1}},"1":{"start":{"line":2,"column":0},"end":{"line":null,"column":-1}},"2":{"start":{"line":11,"column":4},"end":{"line":null,"column":-1}}},"fnMap":{},"branchMap":{},"s":{"0":0,"1":0,"2":0},"f":{},"b":{}}
,"/s/bach/e/under/kpashak/IdeaProjects/t17/client/src/components/Margins/Header.js": {"path":"/s/bach/e/under/kpashak/IdeaProjects/t17/client/src/components/Margins/Header.js","statementMap":{"0":{"start":{"line":1,"column":0},"end":{"line":null,"column":-1}},"1":{"start":{"line":2,"column":0},"end":{"line":null,"column":-1}},"2":{"start":{"line":3,"column":0},"end":{"line":null,"column":-1}},"3":{"start":{"line":8,"column":21},"end":{"line":null,"column":-1}},"4":{"start":{"line":13,"column":4},"end":{"line":null,"column":-1}}},"fnMap":{"0":{"name":"Header","decl":{"start":{"line":8,"column":2},"end":{"line":8,"column":13}},"loc":{"start":{"line":8,"column":21},"end":{"line":10,"column":3}}}},"branchMap":{"0":{"loc":{"start":{"line":8,"column":21},"end":{"line":9,"column":9}},"type":"binary-expr","locations":[{"start":{"line":8,"column":21},"end":{"line":9,"column":9}},{"start":{"line":8,"column":21},"end":{"line":9,"column":9}}]}},"s":{"0":0,"1":0,"2":0,"3":0,"4":0},"f":{"0":0},"b":{"0":[0,0]}}
,"/s/bach/e/under/kpashak/IdeaProjects/t17/client/src/components/Margins/HeaderLogo.js": {"path":"/s/bach/e/under/kpashak/IdeaProjects/t17/client/src/components/Margins/HeaderLogo.js","statementMap":{"0":{"start":{"line":1,"column":0},"end":{"line":null,"column":-1}},"1":{"start":{"line":2,"column":0},"end":{"line":null,"column":-1}},"2":{"start":{"line":9,"column":4},"end":{"line":null,"column":-1}},"3":{"start":{"line":21,"column":4},"end":{"line":null,"column":-1}},"4":{"start":{"line":32,"column":4},"end":{"line":null,"column":-1}}},"fnMap":{},"branchMap":{},"s":{"0":0,"1":0,"2":0,"3":0,"4":0},"f":{},"b":{}}
,"/s/bach/e/under/kpashak/IdeaProjects/t17/client/src/components/Margins/Navigation.js": {"path":"/s/bach/e/under/kpashak/IdeaProjects/t17/client/src/components/Margins/Navigation.js","statementMap":{"0":{"start":{"line":1,"column":0},"end":{"line":null,"column":-1}},"1":{"start":{"line":2,"column":0},"end":{"line":null,"column":-1}},"2":{"start":{"line":3,"column":0},"end":{"line":null,"column":-1}},"3":{"start":{"line":7,"column":21},"end":{"line":null,"column":-1}},"4":{"start":{"line":9,"column":4},"end":{"line":null,"column":-1}},"5":{"start":{"line":14,"column":4},"end":{"line":null,"column":-1}},"6":{"start":{"line":15,"column":4},"end":{"line":null,"column":-1}},"7":{"start":{"line":17,"column":4},"end":{"line":null,"column":-1}},"8":{"start":{"line":18,"column":4},"end":{"line":null,"column":-1}},"9":{"start":{"line":19,"column":4},"end":{"line":null,"column":-1}},"10":{"start":{"line":20,"column":4},"end":{"line":null,"column":-1}},"11":{"start":{"line":21,"column":4},"end":{"line":null,"column":-1}},"12":{"start":{"line":23,"column":4},"end":{"line":null,"column":-1}},"13":{"start":{"line":28,"column":28},"end":{"line":28,"column":4}},"14":{"start":{"line":29,"column":21},"end":{"line":29,"column":4}},"15":{"start":{"line":31,"column":4},"end":{"line":null,"column":-1}},"16":{"start":{"line":39,"column":28},"end":{"line":null,"column":-1}},"17":{"start":{"line":40,"column":16},"end":{"line":40,"column":4}},"18":{"start":{"line":40,"column":37},"end":{"line":null,"column":-1}},"19":{"start":{"line":42,"column":4},"end":{"line":null,"column":-1}},"20":{"start":{"line":58,"column":31},"end":{"line":58,"column":4}},"21":{"start":{"line":59,"column":29},"end":{"line":59,"column":4}},"22":{"start":{"line":61,"column":4},"end":{"line":null,"column":-1}},"23":{"start":{"line":70,"column":4},"end":{"line":null,"column":-1}},"24":{"start":{"line":76,"column":26},"end":{"line":null,"column":-1}},"25":{"start":{"line":77,"column":21},"end":{"line":77,"column":4}},"26":{"start":{"line":77,"column":51},"end":{"line":null,"column":-1}},"27":{"start":{"line":79,"column":4},"end":{"line":null,"column":-1}},"28":{"start":{"line":88,"column":13},"end":{"line":null,"column":-1}},"29":{"start":{"line":89,"column":4},"end":{"line":null,"column":-1}},"30":{"start":{"line":93,"column":23},"end":{"line":null,"column":-1}},"31":{"start":{"line":100,"column":28},"end":{"line":null,"column":-1}},"32":{"start":{"line":102,"column":21},"end":{"line":102,"column":4}},"33":{"start":{"line":103,"column":6},"end":{"line":null,"column":-1}},"34":{"start":{"line":104,"column":6},"end":{"line":null,"column":-1}},"35":{"start":{"line":107,"column":4},"end":{"line":null,"column":-1}},"36":{"start":{"line":119,"column":4},"end":{"line":null,"column":-1}},"37":{"start":{"line":123,"column":4},"end":{"line":null,"column":-1}}},"fnMap":{"0":{"name":"Navigation","decl":{"start":{"line":7,"column":2},"end":{"line":7,"column":13}},"loc":{"start":{"line":7,"column":21},"end":{"line":24,"column":3}}},"1":{"name":"(anonymous_11)","decl":{"start":{"line":40,"column":37},"end":{"line":40,"column":37}},"loc":{"start":{"line":40,"column":37},"end":{"line":40,"column":16}}},"2":{"name":"(anonymous_15)","decl":{"start":{"line":77,"column":51},"end":{"line":77,"column":51}},"loc":{"start":{"line":77,"column":51},"end":{"line":77,"column":21}}},"3":{"name":"onClick","decl":{"start":{"line":93,"column":23},"end":{"line":null,"column":-1}},"loc":{"start":{"line":93,"column":23},"end":{"line":90,"column":6}}},"4":{"name":"updatePage","decl":{"start":{"line":102,"column":8},"end":{"line":102,"column":21}},"loc":{"start":{"line":102,"column":32},"end":{"line":102,"column":4}}}},"branchMap":{"0":{"loc":{"start":{"line":7,"column":21},"end":{"line":8,"column":9}},"type":"binary-expr","locations":[{"start":{"line":7,"column":21},"end":{"line":8,"column":9}},{"start":{"line":7,"column":21},"end":{"line":8,"column":9}}]},"1":{"loc":{"start":{"line":30,"column":6},"end":{"line":29,"column":20}},"type":"cond-expr","locations":[{"start":{"line":30,"column":6},"end":{"line":29,"column":20}},{"start":{"line":30,"column":40},"end":{"line":29,"column":4}}]},"2":{"loc":{"start":{"line":63,"column":29},"end":{"line":63,"column":7}},"type":"cond-expr","locations":[{"start":{"line":63,"column":29},"end":{"line":63,"column":7}},{"start":{"line":63,"column":50},"end":{"line":null,"column":-1}}]},"3":{"loc":{"start":{"line":94,"column":31},"end":{"line":94,"column":10}},"type":"cond-expr","locations":[{"start":{"line":94,"column":31},"end":{"line":94,"column":10}},{"start":{"line":94,"column":53},"end":{"line":94,"column":9}}]}},"s":{"0":0,"1":0,"2":0,"3":0,"4":0,"5":0,"6":0,"7":0,"8":0,"9":0,"10":0,"11":0,"12":0,"13":0,"14":0,"15":0,"16":0,"17":0,"18":0,"19":0,"20":0,"21":0,"22":0,"23":0,"24":0,"25":0,"26":0,"27":0,"28":0,"29":0,"30":0,"31":0,"32":0,"33":0,"34":0,"35":0,"36":0,"37":0},"f":{"0":0,"1":0,"2":0,"3":0,"4":0},"b":{"0":[0,0],"1":[0,0],"2":[0,0],"3":[0,0]}}
}
