TN:
SF:/s/bach/e/under/kpashak/IdeaProjects/t17/client/src/entry.jsx
FNF:0
FNH:0
DA:1,0
DA:2,0
DA:3,0
DA:14,0
LF:4
LH:0
BRF:0
BRH:0
end_of_record
TN:
SF:/s/bach/e/under/kpashak/IdeaProjects/t17/client/src/api/restfulAPI.js
FN:5,sendServerRequest
FN:14,sendServerRequestWithBody
FN:24,processRestfulAPI
FN:40,getOriginalServerPort
FNF:4
FNH:3
FNDA:4,sendServerRequest
FNDA:0,sendServerRequestWithBody
FNDA:4,processRestfulAPI
FNDA:3,getOriginalServerPort
DA:7,4
DA:8,4
DA:10,4
DA:16,0
DA:17,0
DA:20,0
DA:25,4
DA:26,4
DA:27,4
DA:34,0
DA:35,0
DA:41,3
DA:42,3
DA:43,3
DA:44,3
DA:45,3
LF:16
LH:11
BRDA:6,0,0,0
BRDA:15,1,0,0
BRDA:45,2,0,3
BRDA:45,2,1,0
BRF:4
BRH:1
end_of_record
TN:
SF:/s/bach/e/under/kpashak/IdeaProjects/t17/client/src/components/App.js
FN:11,App
FNF:1
FNH:0
FNDA:0,App
DA:1,0
DA:3,0
DA:4,0
DA:5,0
DA:6,0
DA:7,0
DA:8,0
DA:11,0
DA:13,0
DA:22,0
DA:26,0
DA:31,0
DA:43,0
LF:13
LH:0
BRDA:11,0,0,0
BRDA:11,0,1,0
BRF:2
BRH:0
end_of_record
TN:
SF:/s/bach/e/under/kpashak/IdeaProjects/t17/client/src/components/Application/Application.js
FN:18,(anonymous_0)
FN:72,(anonymous_1)
FN:82,(anonymous_2)
FN:92,(anonymous_3)
FN:98,(anonymous_4)
FN:99,(anonymous_5)
FN:105,(anonymous_6)
FN:113,(anonymous_7)
FN:124,(anonymous_8)
FN:185,(anonymous_9)
FN:196,(anonymous_10)
FN:199,(anonymous_11)
FN:204,(anonymous_12)
FN:213,(anonymous_13)
FN:217,(anonymous_14)
FN:221,(anonymous_15)
FN:226,(anonymous_16)
FN:246,(anonymous_17)
FN:249,(anonymous_18)
FN:259,(anonymous_19)
FN:264,(anonymous_20)
FN:267,(anonymous_21)
FN:273,(anonymous_22)
FNF:23
FNH:8
FNDA:3,(anonymous_0)
FNDA:8,(anonymous_1)
FNDA:1,(anonymous_2)
FNDA:1,(anonymous_3)
FNDA:4,(anonymous_4)
FNDA:4,(anonymous_5)
FNDA:0,(anonymous_6)
FNDA:0,(anonymous_7)
FNDA:8,(anonymous_8)
FNDA:0,(anonymous_9)
FNDA:0,(anonymous_10)
FNDA:0,(anonymous_11)
FNDA:0,(anonymous_12)
FNDA:0,(anonymous_13)
FNDA:0,(anonymous_14)
FNDA:0,(anonymous_15)
FNDA:4,(anonymous_16)
FNDA:0,(anonymous_17)
FNDA:0,(anonymous_18)
FNDA:0,(anonymous_19)
FNDA:0,(anonymous_20)
FNDA:0,(anonymous_21)
FNDA:0,(anonymous_22)
DA:19,3
DA:21,3
DA:22,3
DA:23,3
DA:24,3
DA:25,3
DA:26,3
DA:27,3
DA:28,3
DA:29,3
DA:30,3
DA:31,3
DA:32,3
DA:33,3
DA:34,3
DA:35,3
DA:36,3
DA:37,3
DA:41,3
DA:69,3
DA:73,8
DA:75,8
DA:83,1
DA:84,1
DA:86,0
DA:87,0
DA:88,0
DA:93,1
DA:94,1
DA:95,1
DA:99,4
DA:100,4
DA:101,4
DA:106,0
DA:114,0
DA:115,0
DA:116,0
DA:117,0
DA:118,0
DA:119,0
DA:125,8
DA:127,0
DA:134,0
DA:143,5
DA:147,0
DA:150,0
DA:181,3
DA:186,0
DA:187,0
DA:188,0
DA:189,0
DA:190,0
DA:192,0
DA:197,0
DA:200,0
DA:205,0
DA:210,0
DA:214,0
DA:218,0
DA:222,0
DA:227,4
DA:228,4
DA:229,4
DA:235,0
DA:247,0
DA:251,0
DA:256,0
DA:260,0
DA:261,0
DA:265,0
DA:268,0
DA:269,0
DA:270,0
DA:271,0
DA:274,0
DA:275,0
DA:278,0
DA:279,0
DA:280,0
DA:281,0
DA:282,0
DA:284,0
DA:285,0
DA:286,0
DA:287,0
DA:288,0
DA:290,0
DA:291,0
DA:292,0
DA:293,0
DA:295,0
LF:91
LH:36
BRDA:73,0,0,3
BRDA:73,0,1,5
BRDA:83,1,0,1
BRDA:83,1,1,0
BRDA:114,2,0,0
BRDA:114,2,1,0
BRDA:114,3,0,0
BRDA:114,3,1,0
BRDA:125,4,0,0
BRDA:125,4,1,0
BRDA:125,4,2,5
BRDA:125,4,3,0
BRDA:125,4,4,0
BRDA:125,4,5,3
BRDA:186,5,0,0
BRDA:186,5,1,0
BRDA:227,6,0,4
BRDA:227,6,1,0
BRDA:227,7,0,4
BRDA:227,7,1,4
BRDA:278,8,0,0
BRDA:278,8,1,0
BRDA:279,9,0,0
BRDA:279,9,1,0
BRDA:284,10,0,0
BRDA:284,10,1,0
BRDA:285,11,0,0
BRDA:285,11,1,0
BRDA:290,12,0,0
BRDA:290,12,1,0
BRF:30
BRH:8
end_of_record
TN:
SF:/s/bach/e/under/kpashak/IdeaProjects/t17/client/src/components/Application/ErrorBanner.js
FN:10,(anonymous_0)
FNF:1
FNH:0
FNDA:0,(anonymous_0)
DA:11,0
LF:1
LH:0
BRF:0
BRH:0
end_of_record
TN:
SF:/s/bach/e/under/kpashak/IdeaProjects/t17/client/src/components/Application/Home.js
FN:16,(anonymous_0)
FN:31,(anonymous_1)
FN:38,(anonymous_2)
FN:56,(anonymous_3)
FN:63,(anonymous_4)
FN:68,(anonymous_5)
FN:71,(anonymous_6)
FN:75,(anonymous_7)
FNF:8
FNH:6
FNDA:1,(anonymous_0)
FNDA:1,(anonymous_1)
FNDA:1,(anonymous_2)
FNDA:1,(anonymous_3)
FNDA:0,(anonymous_4)
FNDA:2,(anonymous_5)
FNDA:0,(anonymous_6)
FNDA:1,(anonymous_7)
DA:17,1
DA:32,1
DA:42,1
DA:57,1
DA:65,0
DA:69,2
DA:72,0
DA:78,1
DA:86,2
LF:9
LH:7
BRDA:21,0,0,0
BRDA:21,0,1,1
BRDA:21,1,0,1
BRDA:21,1,1,0
BRDA:21,1,2,0
BRDA:43,2,0,0
BRDA:43,2,1,1
BRDA:48,3,0,0
BRDA:48,3,1,1
BRF:9
BRH:4
end_of_record
TN:
SF:/s/bach/e/under/kpashak/IdeaProjects/t17/client/src/components/Application/Pane.js
FN:8,(anonymous_0)
FN:12,(anonymous_1)
FNF:2
FNH:2
FNDA:14,(anonymous_0)
FNDA:18,(anonymous_1)
DA:9,14
DA:13,18
LF:2
LH:2
BRF:0
BRH:0
end_of_record
TN:
SF:/s/bach/e/under/kpashak/IdeaProjects/t17/client/src/components/Application/AboutUs/AboutUs.js
FN:12,(anonymous_0)
FN:24,(anonymous_1)
FN:38,(anonymous_2)
FN:44,(anonymous_3)
FN:48,(anonymous_4)
FNF:5
FNH:5
FNDA:1,(anonymous_0)
FNDA:1,(anonymous_1)
FNDA:1,(anonymous_2)
FNDA:1,(anonymous_3)
FNDA:4,(anonymous_4)
DA:13,1
DA:14,1
DA:25,1
DA:39,1
DA:45,1
DA:49,4
LF:6
LH:6
BRF:0
BRH:0
end_of_record
TN:
SF:/s/bach/e/under/kpashak/IdeaProjects/t17/client/src/components/Application/Calculator/Calculator.js
FN:13,(anonymous_0)
FN:30,(anonymous_1)
FN:56,(anonymous_2)
FN:63,(anonymous_3)
FN:78,(anonymous_4)
FN:86,(anonymous_5)
FN:99,(anonymous_6)
FN:110,(anonymous_7)
FN:118,(anonymous_8)
FN:119,(anonymous_9)
FN:131,(anonymous_10)
FN:136,(anonymous_11)
FN:140,(anonymous_12)
FN:154,(anonymous_13)
FN:166,(anonymous_14)
FN:169,(anonymous_15)
FN:188,(anonymous_16)
FNF:17
FNH:13
FNDA:1,(anonymous_0)
FNDA:1,(anonymous_1)
FNDA:1,(anonymous_2)
FNDA:1,(anonymous_3)
FNDA:2,(anonymous_4)
FNDA:2,(anonymous_5)
FNDA:2,(anonymous_6)
FNDA:1,(anonymous_7)
FNDA:2,(anonymous_8)
FNDA:0,(anonymous_9)
FNDA:2,(anonymous_10)
FNDA:1,(anonymous_11)
FNDA:2,(anonymous_12)
FNDA:1,(anonymous_13)
FNDA:0,(anonymous_14)
FNDA:0,(anonymous_15)
FNDA:0,(anonymous_16)
DA:14,1
DA:16,1
DA:17,1
DA:18,1
DA:19,1
DA:20,1
DA:21,1
DA:23,1
DA:27,1
DA:31,1
DA:57,1
DA:67,1
DA:79,2
DA:87,2
DA:89,2
DA:90,2
DA:92,2
DA:95,0
DA:102,2
DA:111,1
DA:119,2
DA:120,0
DA:122,2
DA:133,2
DA:134,2
DA:137,1
DA:138,0
DA:141,2
DA:155,1
DA:167,0
DA:168,0
DA:170,0
DA:171,0
DA:177,0
DA:189,0
DA:190,0
DA:191,0
DA:192,0
DA:199,0
LF:39
LH:26
BRDA:27,0,0,0
BRDA:27,0,1,1
BRDA:133,1,0,0
BRDA:133,1,1,2
BRDA:133,2,0,2
BRDA:133,2,1,1
BRDA:137,3,0,1
BRDA:137,3,1,0
BRDA:137,4,0,1
BRDA:137,4,1,1
BRDA:137,4,2,0
BRDA:137,4,3,0
BRDA:170,5,0,0
BRDA:170,5,1,0
BRDA:170,6,0,0
BRDA:170,6,1,0
BRF:16
BRH:7
end_of_record
TN:
SF:/s/bach/e/under/kpashak/IdeaProjects/t17/client/src/components/Application/Itinerary/Itinerary.js
FN:15,(anonymous_0)
FN:34,(anonymous_1)
FN:104,(anonymous_2)
FN:117,(anonymous_3)
FN:125,(anonymous_4)
FN:132,(anonymous_5)
FN:144,(anonymous_6)
FN:150,(anonymous_7)
FN:161,(anonymous_8)
FN:164,(anonymous_9)
FN:183,(anonymous_10)
FN:187,(anonymous_11)
FN:193,(anonymous_12)
FN:199,(anonymous_13)
FN:203,(anonymous_14)
FN:207,(anonymous_15)
FN:210,(anonymous_16)
FN:222,(anonymous_17)
FN:225,(anonymous_18)
FN:242,(anonymous_19)
FN:247,(anonymous_20)
FN:261,(anonymous_21)
FN:264,(anonymous_22)
FN:267,(anonymous_23)
FN:270,(anonymous_24)
FN:277,(anonymous_25)
FN:287,(anonymous_26)
FN:293,(anonymous_27)
FN:303,(anonymous_28)
FN:314,(anonymous_29)
FN:324,(anonymous_30)
FN:328,(anonymous_31)
FN:333,(anonymous_32)
FN:364,(anonymous_33)
FN:385,(anonymous_34)
FN:388,(anonymous_35)
FN:393,(anonymous_36)
FN:410,(anonymous_37)
FNF:38
FNH:0
FNDA:0,(anonymous_0)
FNDA:0,(anonymous_1)
FNDA:0,(anonymous_2)
FNDA:0,(anonymous_3)
FNDA:0,(anonymous_4)
FNDA:0,(anonymous_5)
FNDA:0,(anonymous_6)
FNDA:0,(anonymous_7)
FNDA:0,(anonymous_8)
FNDA:0,(anonymous_9)
FNDA:0,(anonymous_10)
FNDA:0,(anonymous_11)
FNDA:0,(anonymous_12)
FNDA:0,(anonymous_13)
FNDA:0,(anonymous_14)
FNDA:0,(anonymous_15)
FNDA:0,(anonymous_16)
FNDA:0,(anonymous_17)
FNDA:0,(anonymous_18)
FNDA:0,(anonymous_19)
FNDA:0,(anonymous_20)
FNDA:0,(anonymous_21)
FNDA:0,(anonymous_22)
FNDA:0,(anonymous_23)
FNDA:0,(anonymous_24)
FNDA:0,(anonymous_25)
FNDA:0,(anonymous_26)
FNDA:0,(anonymous_27)
FNDA:0,(anonymous_28)
FNDA:0,(anonymous_29)
FNDA:0,(anonymous_30)
FNDA:0,(anonymous_31)
FNDA:0,(anonymous_32)
FNDA:0,(anonymous_33)
FNDA:0,(anonymous_34)
FNDA:0,(anonymous_35)
FNDA:0,(anonymous_36)
FNDA:0,(anonymous_37)
DA:16,0
DA:18,0
DA:19,0
DA:20,0
DA:21,0
DA:22,0
DA:23,0
DA:24,0
DA:25,0
DA:26,0
DA:27,0
DA:28,0
DA:29,0
DA:30,0
DA:35,0
DA:104,0
DA:118,0
DA:126,0
DA:127,0
DA:133,0
DA:145,0
DA:151,0
DA:162,0
DA:163,0
DA:165,0
DA:166,0
DA:167,0
DA:168,0
DA:171,0
DA:184,0
DA:188,0
DA:194,0
DA:195,0
DA:196,0
DA:200,0
DA:204,0
DA:208,0
DA:211,0
DA:223,0
DA:224,0
DA:226,0
DA:227,0
DA:228,0
DA:229,0
DA:232,0
DA:243,0
DA:244,0
DA:248,0
DA:262,0
DA:265,0
DA:268,0
DA:271,0
DA:281,0
DA:288,0
DA:294,0
DA:305,0
DA:307,0
DA:308,0
DA:309,0
DA:310,0
DA:317,0
DA:325,0
DA:329,0
DA:334,0
DA:335,0
DA:337,0
DA:338,0
DA:339,0
DA:340,0
DA:341,0
DA:342,0
DA:343,0
DA:344,0
DA:345,0
DA:346,0
DA:347,0
DA:348,0
DA:350,0
DA:351,0
DA:352,0
DA:353,0
DA:354,0
DA:355,0
DA:356,0
DA:357,0
DA:358,0
DA:359,0
DA:361,0
DA:365,0
DA:366,0
DA:368,0
DA:369,0
DA:370,0
DA:371,0
DA:372,0
DA:373,0
DA:374,0
DA:375,0
DA:376,0
DA:377,0
DA:378,0
DA:379,0
DA:381,0
DA:386,0
DA:390,0
DA:395,0
DA:396,0
DA:411,0
LF:108
LH:0
BRDA:126,0,0,0
BRDA:126,0,1,0
BRDA:165,1,0,0
BRDA:165,1,1,0
BRDA:165,2,0,0
BRDA:165,2,1,0
BRDA:226,3,0,0
BRDA:226,3,1,0
BRDA:226,4,0,0
BRDA:226,4,1,0
BRDA:243,5,0,0
BRDA:243,5,1,0
BRDA:288,6,0,0
BRDA:288,6,1,0
BRDA:297,7,0,0
BRDA:297,7,1,0
BRDA:325,8,0,0
BRDA:325,8,1,0
BRDA:329,9,0,0
BRDA:329,9,1,0
BRDA:334,10,0,0
BRDA:334,10,1,0
BRDA:334,11,0,0
BRDA:334,11,1,0
BRDA:365,12,0,0
BRDA:365,12,1,0
BRDA:365,13,0,0
BRDA:365,13,1,0
BRF:28
BRH:0
end_of_record
TN:
SF:/s/bach/e/under/kpashak/IdeaProjects/t17/client/src/components/Application/Itinerary/ItineraryFindListItem.js
FN:8,(anonymous_0)
FN:12,(anonymous_1)
FN:25,(anonymous_2)
FNF:3
FNH:0
FNDA:0,(anonymous_0)
FNDA:0,(anonymous_1)
FNDA:0,(anonymous_2)
DA:9,0
DA:13,0
DA:26,0
LF:3
LH:0
BRF:0
BRH:0
end_of_record
TN:
SF:/s/bach/e/under/kpashak/IdeaProjects/t17/client/src/components/Application/Itinerary/ItineraryListItem.js
FN:8,(anonymous_0)
FN:13,(anonymous_1)
FN:35,(anonymous_2)
FN:39,(anonymous_3)
FN:42,(anonymous_4)
FNF:5
FNH:0
FNDA:0,(anonymous_0)
FNDA:0,(anonymous_1)
FNDA:0,(anonymous_2)
FNDA:0,(anonymous_3)
FNDA:0,(anonymous_4)
DA:9,0
DA:14,0
DA:40,0
DA:43,0
LF:4
LH:0
BRF:0
BRH:0
end_of_record
TN:
SF:/s/bach/e/under/kpashak/IdeaProjects/t17/client/src/components/Application/Options/Options.js
FN:12,(anonymous_0)
FN:16,(anonymous_1)
FN:38,(anonymous_2)
FN:54,(anonymous_3)
FN:55,(anonymous_4)
FN:68,(anonymous_5)
FN:78,(anonymous_6)
FNF:7
FNH:6
FNDA:2,(anonymous_0)
FNDA:2,(anonymous_1)
FNDA:2,(anonymous_2)
FNDA:4,(anonymous_3)
FNDA:0,(anonymous_4)
FNDA:4,(anonymous_5)
FNDA:2,(anonymous_6)
DA:13,2
DA:17,2
DA:39,2
DA:55,4
DA:56,0
DA:58,4
DA:69,4
DA:70,2
DA:71,2
DA:72,2
DA:73,0
DA:79,2
LF:12
LH:10
BRDA:69,0,0,2
BRDA:69,0,1,2
BRDA:69,1,0,4
BRDA:69,1,1,2
BRDA:71,2,0,2
BRDA:71,2,1,0
BRDA:71,3,0,2
BRDA:71,3,1,2
BRF:8
BRH:7
end_of_record
TN:
SF:/s/bach/e/under/kpashak/IdeaProjects/t17/client/src/components/Application/Options/Units.js
FN:6,(anonymous_0)
FN:10,(anonymous_1)
FN:28,(anonymous_2)
FN:29,(anonymous_3)
FN:35,(anonymous_4)
FNF:5
FNH:4
FNDA:3,(anonymous_0)
FNDA:3,(anonymous_1)
FNDA:3,(anonymous_2)
FNDA:6,(anonymous_3)
FNDA:0,(anonymous_4)
DA:7,3
DA:11,3
DA:29,3
DA:30,6
DA:35,0
LF:5
LH:4
BRF:0
BRH:0
end_of_record
TN:
SF:/s/bach/e/under/kpashak/IdeaProjects/t17/client/src/components/Application/Settings/Interop.js
FN:7,(anonymous_0)
FN:17,(anonymous_1)
FN:40,(anonymous_2)
FN:44,(anonymous_3)
FNF:4
FNH:4
FNDA:3,(anonymous_0)
FNDA:6,(anonymous_1)
FNDA:2,(anonymous_2)
FNDA:1,(anonymous_3)
DA:8,3
DA:9,3
DA:13,3
DA:14,3
DA:18,6
DA:19,0
DA:21,6
DA:41,2
DA:45,1
DA:46,1
LF:10
LH:9
BRDA:18,0,0,0
BRDA:18,0,1,6
BRF:2
BRH:1
end_of_record
TN:
SF:/s/bach/e/under/kpashak/IdeaProjects/t17/client/src/components/Application/Settings/Settings.js
FN:12,(anonymous_0)
FN:16,(anonymous_1)
FN:36,(anonymous_2)
FNF:3
FNH:3
FNDA:2,(anonymous_0)
FNDA:3,(anonymous_1)
FNDA:3,(anonymous_2)
DA:13,2
DA:17,3
DA:37,3
LF:3
LH:3
BRF:0
BRH:0
end_of_record
TN:
SF:/s/bach/e/under/kpashak/IdeaProjects/t17/client/src/components/Margins/Footer.js
FN:9,Footer
FN:105,(anonymous_17)
FNF:2
FNH:0
FNDA:0,Footer
FNDA:0,(anonymous_17)
DA:1,0
DA:2,0
DA:3,0
DA:9,0
DA:12,0
DA:16,0
DA:26,0
DA:38,0
DA:57,0
DA:68,0
DA:81,0
DA:82,0
DA:98,0
DA:102,0
DA:103,0
DA:104,0
DA:105,0
DA:106,0
DA:112,0
DA:121,0
DA:122,0
DA:128,0
DA:129,0
LF:23
LH:0
BRDA:9,0,0,0
BRDA:9,0,1,0
BRDA:104,1,0,0
BRDA:104,1,1,0
BRDA:121,2,0,0
BRDA:121,2,1,0
BRDA:128,3,0,0
BRDA:128,3,1,0
BRF:8
BRH:0
end_of_record
TN:
SF:/s/bach/e/under/kpashak/IdeaProjects/t17/client/src/components/Margins/FooterLogo.js
FNF:0
FNH:0
DA:1,0
DA:2,0
DA:11,0
LF:3
LH:0
BRF:0
BRH:0
end_of_record
TN:
SF:/s/bach/e/under/kpashak/IdeaProjects/t17/client/src/components/Margins/Header.js
FN:8,Header
FNF:1
FNH:0
FNDA:0,Header
DA:1,0
DA:2,0
DA:3,0
DA:8,0
DA:13,0
LF:5
LH:0
BRDA:8,0,0,0
BRDA:8,0,1,0
BRF:2
BRH:0
end_of_record
TN:
SF:/s/bach/e/under/kpashak/IdeaProjects/t17/client/src/components/Margins/HeaderLogo.js
FNF:0
FNH:0
DA:1,0
DA:2,0
DA:9,0
DA:21,0
DA:32,0
LF:5
LH:0
BRF:0
BRH:0
end_of_record
TN:
SF:/s/bach/e/under/kpashak/IdeaProjects/t17/client/src/components/Margins/Navigation.js
FN:7,Navigation
FN:40,(anonymous_11)
FN:77,(anonymous_15)
FN:93,onClick
FN:102,updatePage
FNF:5
FNH:0
FNDA:0,Navigation
FNDA:0,(anonymous_11)
FNDA:0,(anonymous_15)
FNDA:0,onClick
FNDA:0,updatePage
DA:1,0
DA:2,0
DA:3,0
DA:7,0
DA:9,0
DA:14,0
DA:15,0
DA:17,0
DA:18,0
DA:19,0
DA:20,0
DA:21,0
DA:23,0
DA:28,0
DA:29,0
DA:31,0
DA:39,0
DA:40,0
DA:42,0
DA:58,0
DA:59,0
DA:61,0
DA:70,0
DA:76,0
DA:77,0
DA:79,0
DA:88,0
DA:89,0
DA:93,0
DA:100,0
DA:102,0
DA:103,0
DA:104,0
DA:107,0
DA:119,0
DA:123,0
LF:36
LH:0
BRDA:7,0,0,0
BRDA:7,0,1,0
BRDA:30,1,0,0
BRDA:30,1,1,0
BRDA:63,2,0,0
BRDA:63,2,1,0
BRDA:94,3,0,0
BRDA:94,3,1,0
BRF:8
BRH:0
end_of_record
